{"numTotalTestSuites":8,"numPassedTestSuites":0,"numFailedTestSuites":8,"numPendingTestSuites":0,"numTotalTests":20,"numPassedTests":0,"numFailedTests":20,"numPendingTests":0,"numTodoTests":0,"snapshot":{"added":0,"failure":false,"filesAdded":0,"filesRemoved":0,"filesRemovedList":[],"filesUnmatched":0,"filesUpdated":0,"matched":0,"total":0,"unchecked":0,"uncheckedKeysByFile":[],"unmatched":0,"updated":0,"didUpdate":false},"startTime":1773157668155,"success":false,"testResults":[{"assertionResults":[{"ancestorTitles":["GameplayEngine - Mob AI System","Mob Initialization"],"fullName":"GameplayEngine - Mob AI System Mob Initialization should initialize mobs with AI properties","status":"failed","title":"should initialize mobs with AI properties","duration":6.824299999999994,"failureMessages":["TypeError: document.addEventListener is not a function\n    at GameplayEngine.setupEventListeners (eval at <anonymous> (E:/app e jogos criados/MMORPG de browser/tests/gameplay-mob-ai-coverage.test.js:74:5), <anonymous>:79:22)\n    at GameplayEngine.initialize (eval at <anonymous> (E:/app e jogos criados/MMORPG de browser/tests/gameplay-mob-ai-coverage.test.js:74:5), <anonymous>:72:14)\n    at new GameplayEngine (eval at <anonymous> (E:/app e jogos criados/MMORPG de browser/tests/gameplay-mob-ai-coverage.test.js:74:5), <anonymous>:68:14)\n    at E:/app e jogos criados/MMORPG de browser/tests/gameplay-mob-ai-coverage.test.js:85:18\n    at file:///E:/app%20e%20jogos%20criados/MMORPG%20de%20browser/node_modules/@vitest/runner/dist/index.js:145:11\n    at file:///E:/app%20e%20jogos%20criados/MMORPG%20de%20browser/node_modules/@vitest/runner/dist/index.js:1243:20\n    at new Promise (<anonymous>)\n    at runWithTimeout (file:///E:/app%20e%20jogos%20criados/MMORPG%20de%20browser/node_modules/@vitest/runner/dist/index.js:1209:10)\n    at runHook (file:///E:/app%20e%20jogos%20criados/MMORPG%20de%20browser/node_modules/@vitest/runner/dist/index.js:1514:51)\n    at callSuiteHook (file:///E:/app%20e%20jogos%20criados/MMORPG%20de%20browser/node_modules/@vitest/runner/dist/index.js:1520:25)","TypeError: Cannot set properties of undefined (setting 'innerHTML')\n    at E:/app e jogos criados/MMORPG de browser/tests/setup.js:390:27\n    at file:///E:/app%20e%20jogos%20criados/MMORPG%20de%20browser/node_modules/@vitest/runner/dist/index.js:145:11\n    at file:///E:/app%20e%20jogos%20criados/MMORPG%20de%20browser/node_modules/@vitest/runner/dist/index.js:1243:20\n    at new Promise (<anonymous>)\n    at runWithTimeout (file:///E:/app%20e%20jogos%20criados/MMORPG%20de%20browser/node_modules/@vitest/runner/dist/index.js:1209:10)\n    at runHook (file:///E:/app%20e%20jogos%20criados/MMORPG%20de%20browser/node_modules/@vitest/runner/dist/index.js:1514:51)\n    at callSuiteHook (file:///E:/app%20e%20jogos%20criados/MMORPG%20de%20browser/node_modules/@vitest/runner/dist/index.js:1520:25)\n    at callSuiteHook (file:///E:/app%20e%20jogos%20criados/MMORPG%20de%20browser/node_modules/@vitest/runner/dist/index.js:1527:27)\n    at callSuiteHook (file:///E:/app%20e%20jogos%20criados/MMORPG%20de%20browser/node_modules/@vitest/runner/dist/index.js:1527:27)\n    at file:///E:/app%20e%20jogos%20criados/MMORPG%20de%20browser/node_modules/@vitest/runner/dist/index.js:1676:37"],"meta":{}},{"ancestorTitles":["GameplayEngine - Mob AI System","Mob Initialization"],"fullName":"GameplayEngine - Mob AI System Mob Initialization should set correct initial AI state","status":"failed","title":"should set correct initial AI state","duration":0.43000000000006366,"failureMessages":["TypeError: document.addEventListener is not a function\n    at GameplayEngine.setupEventListeners (eval at <anonymous> (E:/app e jogos criados/MMORPG de browser/tests/gameplay-mob-ai-coverage.test.js:74:5), <anonymous>:79:22)\n    at GameplayEngine.initialize (eval at <anonymous> (E:/app e jogos criados/MMORPG de browser/tests/gameplay-mob-ai-coverage.test.js:74:5), <anonymous>:72:14)\n    at new GameplayEngine (eval at <anonymous> (E:/app e jogos criados/MMORPG de browser/tests/gameplay-mob-ai-coverage.test.js:74:5), <anonymous>:68:14)\n    at E:/app e jogos criados/MMORPG de browser/tests/gameplay-mob-ai-coverage.test.js:85:18\n    at file:///E:/app%20e%20jogos%20criados/MMORPG%20de%20browser/node_modules/@vitest/runner/dist/index.js:145:11\n    at file:///E:/app%20e%20jogos%20criados/MMORPG%20de%20browser/node_modules/@vitest/runner/dist/index.js:1243:20\n    at new Promise (<anonymous>)\n    at runWithTimeout (file:///E:/app%20e%20jogos%20criados/MMORPG%20de%20browser/node_modules/@vitest/runner/dist/index.js:1209:10)\n    at runHook (file:///E:/app%20e%20jogos%20criados/MMORPG%20de%20browser/node_modules/@vitest/runner/dist/index.js:1514:51)\n    at callSuiteHook (file:///E:/app%20e%20jogos%20criados/MMORPG%20de%20browser/node_modules/@vitest/runner/dist/index.js:1520:25)","TypeError: Cannot set properties of undefined (setting 'innerHTML')\n    at E:/app e jogos criados/MMORPG de browser/tests/setup.js:390:27\n    at file:///E:/app%20e%20jogos%20criados/MMORPG%20de%20browser/node_modules/@vitest/runner/dist/index.js:145:11\n    at file:///E:/app%20e%20jogos%20criados/MMORPG%20de%20browser/node_modules/@vitest/runner/dist/index.js:1243:20\n    at new Promise (<anonymous>)\n    at runWithTimeout (file:///E:/app%20e%20jogos%20criados/MMORPG%20de%20browser/node_modules/@vitest/runner/dist/index.js:1209:10)\n    at runHook (file:///E:/app%20e%20jogos%20criados/MMORPG%20de%20browser/node_modules/@vitest/runner/dist/index.js:1514:51)\n    at callSuiteHook (file:///E:/app%20e%20jogos%20criados/MMORPG%20de%20browser/node_modules/@vitest/runner/dist/index.js:1520:25)\n    at callSuiteHook (file:///E:/app%20e%20jogos%20criados/MMORPG%20de%20browser/node_modules/@vitest/runner/dist/index.js:1527:27)\n    at callSuiteHook (file:///E:/app%20e%20jogos%20criados/MMORPG%20de%20browser/node_modules/@vitest/runner/dist/index.js:1527:27)\n    at file:///E:/app%20e%20jogos%20criados/MMORPG%20de%20browser/node_modules/@vitest/runner/dist/index.js:1676:37"],"meta":{}},{"ancestorTitles":["GameplayEngine - Mob AI System","Mob Initialization"],"fullName":"GameplayEngine - Mob AI System Mob Initialization should initialize patrol centers","status":"failed","title":"should initialize patrol centers","duration":0.2963000000000875,"failureMessages":["TypeError: document.addEventListener is not a function\n    at GameplayEngine.setupEventListeners (eval at <anonymous> (E:/app e jogos criados/MMORPG de browser/tests/gameplay-mob-ai-coverage.test.js:74:5), <anonymous>:79:22)\n    at GameplayEngine.initialize (eval at <anonymous> (E:/app e jogos criados/MMORPG de browser/tests/gameplay-mob-ai-coverage.test.js:74:5), <anonymous>:72:14)\n    at new GameplayEngine (eval at <anonymous> (E:/app e jogos criados/MMORPG de browser/tests/gameplay-mob-ai-coverage.test.js:74:5), <anonymous>:68:14)\n    at E:/app e jogos criados/MMORPG de browser/tests/gameplay-mob-ai-coverage.test.js:85:18\n    at file:///E:/app%20e%20jogos%20criados/MMORPG%20de%20browser/node_modules/@vitest/runner/dist/index.js:145:11\n    at file:///E:/app%20e%20jogos%20criados/MMORPG%20de%20browser/node_modules/@vitest/runner/dist/index.js:1243:20\n    at new Promise (<anonymous>)\n    at runWithTimeout (file:///E:/app%20e%20jogos%20criados/MMORPG%20de%20browser/node_modules/@vitest/runner/dist/index.js:1209:10)\n    at runHook (file:///E:/app%20e%20jogos%20criados/MMORPG%20de%20browser/node_modules/@vitest/runner/dist/index.js:1514:51)\n    at callSuiteHook (file:///E:/app%20e%20jogos%20criados/MMORPG%20de%20browser/node_modules/@vitest/runner/dist/index.js:1520:25)","TypeError: Cannot set properties of undefined (setting 'innerHTML')\n    at E:/app e jogos criados/MMORPG de browser/tests/setup.js:390:27\n    at file:///E:/app%20e%20jogos%20criados/MMORPG%20de%20browser/node_modules/@vitest/runner/dist/index.js:145:11\n    at file:///E:/app%20e%20jogos%20criados/MMORPG%20de%20browser/node_modules/@vitest/runner/dist/index.js:1243:20\n    at new Promise (<anonymous>)\n    at runWithTimeout (file:///E:/app%20e%20jogos%20criados/MMORPG%20de%20browser/node_modules/@vitest/runner/dist/index.js:1209:10)\n    at runHook (file:///E:/app%20e%20jogos%20criados/MMORPG%20de%20browser/node_modules/@vitest/runner/dist/index.js:1514:51)\n    at callSuiteHook (file:///E:/app%20e%20jogos%20criados/MMORPG%20de%20browser/node_modules/@vitest/runner/dist/index.js:1520:25)\n    at callSuiteHook (file:///E:/app%20e%20jogos%20criados/MMORPG%20de%20browser/node_modules/@vitest/runner/dist/index.js:1527:27)\n    at callSuiteHook (file:///E:/app%20e%20jogos%20criados/MMORPG%20de%20browser/node_modules/@vitest/runner/dist/index.js:1527:27)\n    at file:///E:/app%20e%20jogos%20criados/MMORPG%20de%20browser/node_modules/@vitest/runner/dist/index.js:1676:37"],"meta":{}},{"ancestorTitles":["GameplayEngine - Mob AI System","AI State Transitions"],"fullName":"GameplayEngine - Mob AI System AI State Transitions should transition to fleeing when HP is low","status":"failed","title":"should transition to fleeing when HP is low","duration":0.2577999999999747,"failureMessages":["TypeError: document.addEventListener is not a function\n    at GameplayEngine.setupEventListeners (eval at <anonymous> (E:/app e jogos criados/MMORPG de browser/tests/gameplay-mob-ai-coverage.test.js:74:5), <anonymous>:79:22)\n    at GameplayEngine.initialize (eval at <anonymous> (E:/app e jogos criados/MMORPG de browser/tests/gameplay-mob-ai-coverage.test.js:74:5), <anonymous>:72:14)\n    at new GameplayEngine (eval at <anonymous> (E:/app e jogos criados/MMORPG de browser/tests/gameplay-mob-ai-coverage.test.js:74:5), <anonymous>:68:14)\n    at E:/app e jogos criados/MMORPG de browser/tests/gameplay-mob-ai-coverage.test.js:85:18\n    at file:///E:/app%20e%20jogos%20criados/MMORPG%20de%20browser/node_modules/@vitest/runner/dist/index.js:145:11\n    at file:///E:/app%20e%20jogos%20criados/MMORPG%20de%20browser/node_modules/@vitest/runner/dist/index.js:1243:20\n    at new Promise (<anonymous>)\n    at runWithTimeout (file:///E:/app%20e%20jogos%20criados/MMORPG%20de%20browser/node_modules/@vitest/runner/dist/index.js:1209:10)\n    at runHook (file:///E:/app%20e%20jogos%20criados/MMORPG%20de%20browser/node_modules/@vitest/runner/dist/index.js:1514:51)\n    at callSuiteHook (file:///E:/app%20e%20jogos%20criados/MMORPG%20de%20browser/node_modules/@vitest/runner/dist/index.js:1520:25)","TypeError: Cannot set properties of undefined (setting 'innerHTML')\n    at E:/app e jogos criados/MMORPG de browser/tests/setup.js:390:27\n    at file:///E:/app%20e%20jogos%20criados/MMORPG%20de%20browser/node_modules/@vitest/runner/dist/index.js:145:11\n    at file:///E:/app%20e%20jogos%20criados/MMORPG%20de%20browser/node_modules/@vitest/runner/dist/index.js:1243:20\n    at new Promise (<anonymous>)\n    at runWithTimeout (file:///E:/app%20e%20jogos%20criados/MMORPG%20de%20browser/node_modules/@vitest/runner/dist/index.js:1209:10)\n    at runHook (file:///E:/app%20e%20jogos%20criados/MMORPG%20de%20browser/node_modules/@vitest/runner/dist/index.js:1514:51)\n    at callSuiteHook (file:///E:/app%20e%20jogos%20criados/MMORPG%20de%20browser/node_modules/@vitest/runner/dist/index.js:1520:25)\n    at callSuiteHook (file:///E:/app%20e%20jogos%20criados/MMORPG%20de%20browser/node_modules/@vitest/runner/dist/index.js:1527:27)\n    at callSuiteHook (file:///E:/app%20e%20jogos%20criados/MMORPG%20de%20browser/node_modules/@vitest/runner/dist/index.js:1527:27)\n    at file:///E:/app%20e%20jogos%20criados/MMORPG%20de%20browser/node_modules/@vitest/runner/dist/index.js:1676:37"],"meta":{}},{"ancestorTitles":["GameplayEngine - Mob AI System","AI State Transitions"],"fullName":"GameplayEngine - Mob AI System AI State Transitions should transition to aggro when player is near","status":"failed","title":"should transition to aggro when player is near","duration":0.20839999999998327,"failureMessages":["TypeError: document.addEventListener is not a function\n    at GameplayEngine.setupEventListeners (eval at <anonymous> (E:/app e jogos criados/MMORPG de browser/tests/gameplay-mob-ai-coverage.test.js:74:5), <anonymous>:79:22)\n    at GameplayEngine.initialize (eval at <anonymous> (E:/app e jogos criados/MMORPG de browser/tests/gameplay-mob-ai-coverage.test.js:74:5), <anonymous>:72:14)\n    at new GameplayEngine (eval at <anonymous> (E:/app e jogos criados/MMORPG de browser/tests/gameplay-mob-ai-coverage.test.js:74:5), <anonymous>:68:14)\n    at E:/app e jogos criados/MMORPG de browser/tests/gameplay-mob-ai-coverage.test.js:85:18\n    at file:///E:/app%20e%20jogos%20criados/MMORPG%20de%20browser/node_modules/@vitest/runner/dist/index.js:145:11\n    at file:///E:/app%20e%20jogos%20criados/MMORPG%20de%20browser/node_modules/@vitest/runner/dist/index.js:1243:20\n    at new Promise (<anonymous>)\n    at runWithTimeout (file:///E:/app%20e%20jogos%20criados/MMORPG%20de%20browser/node_modules/@vitest/runner/dist/index.js:1209:10)\n    at runHook (file:///E:/app%20e%20jogos%20criados/MMORPG%20de%20browser/node_modules/@vitest/runner/dist/index.js:1514:51)\n    at callSuiteHook (file:///E:/app%20e%20jogos%20criados/MMORPG%20de%20browser/node_modules/@vitest/runner/dist/index.js:1520:25)","TypeError: Cannot set properties of undefined (setting 'innerHTML')\n    at E:/app e jogos criados/MMORPG de browser/tests/setup.js:390:27\n    at file:///E:/app%20e%20jogos%20criados/MMORPG%20de%20browser/node_modules/@vitest/runner/dist/index.js:145:11\n    at file:///E:/app%20e%20jogos%20criados/MMORPG%20de%20browser/node_modules/@vitest/runner/dist/index.js:1243:20\n    at new Promise (<anonymous>)\n    at runWithTimeout (file:///E:/app%20e%20jogos%20criados/MMORPG%20de%20browser/node_modules/@vitest/runner/dist/index.js:1209:10)\n    at runHook (file:///E:/app%20e%20jogos%20criados/MMORPG%20de%20browser/node_modules/@vitest/runner/dist/index.js:1514:51)\n    at callSuiteHook (file:///E:/app%20e%20jogos%20criados/MMORPG%20de%20browser/node_modules/@vitest/runner/dist/index.js:1520:25)\n    at callSuiteHook (file:///E:/app%20e%20jogos%20criados/MMORPG%20de%20browser/node_modules/@vitest/runner/dist/index.js:1527:27)\n    at callSuiteHook (file:///E:/app%20e%20jogos%20criados/MMORPG%20de%20browser/node_modules/@vitest/runner/dist/index.js:1527:27)\n    at file:///E:/app%20e%20jogos%20criados/MMORPG%20de%20browser/node_modules/@vitest/runner/dist/index.js:1676:37"],"meta":{}},{"ancestorTitles":["GameplayEngine - Mob AI System","AI State Transitions"],"fullName":"GameplayEngine - Mob AI System AI State Transitions should transition to attacking when in range","status":"failed","title":"should transition to attacking when in range","duration":0.18830000000002656,"failureMessages":["TypeError: document.addEventListener is not a function\n    at GameplayEngine.setupEventListeners (eval at <anonymous> (E:/app e jogos criados/MMORPG de browser/tests/gameplay-mob-ai-coverage.test.js:74:5), <anonymous>:79:22)\n    at GameplayEngine.initialize (eval at <anonymous> (E:/app e jogos criados/MMORPG de browser/tests/gameplay-mob-ai-coverage.test.js:74:5), <anonymous>:72:14)\n    at new GameplayEngine (eval at <anonymous> (E:/app e jogos criados/MMORPG de browser/tests/gameplay-mob-ai-coverage.test.js:74:5), <anonymous>:68:14)\n    at E:/app e jogos criados/MMORPG de browser/tests/gameplay-mob-ai-coverage.test.js:85:18\n    at file:///E:/app%20e%20jogos%20criados/MMORPG%20de%20browser/node_modules/@vitest/runner/dist/index.js:145:11\n    at file:///E:/app%20e%20jogos%20criados/MMORPG%20de%20browser/node_modules/@vitest/runner/dist/index.js:1243:20\n    at new Promise (<anonymous>)\n    at runWithTimeout (file:///E:/app%20e%20jogos%20criados/MMORPG%20de%20browser/node_modules/@vitest/runner/dist/index.js:1209:10)\n    at runHook (file:///E:/app%20e%20jogos%20criados/MMORPG%20de%20browser/node_modules/@vitest/runner/dist/index.js:1514:51)\n    at callSuiteHook (file:///E:/app%20e%20jogos%20criados/MMORPG%20de%20browser/node_modules/@vitest/runner/dist/index.js:1520:25)","TypeError: Cannot set properties of undefined (setting 'innerHTML')\n    at E:/app e jogos criados/MMORPG de browser/tests/setup.js:390:27\n    at file:///E:/app%20e%20jogos%20criados/MMORPG%20de%20browser/node_modules/@vitest/runner/dist/index.js:145:11\n    at file:///E:/app%20e%20jogos%20criados/MMORPG%20de%20browser/node_modules/@vitest/runner/dist/index.js:1243:20\n    at new Promise (<anonymous>)\n    at runWithTimeout (file:///E:/app%20e%20jogos%20criados/MMORPG%20de%20browser/node_modules/@vitest/runner/dist/index.js:1209:10)\n    at runHook (file:///E:/app%20e%20jogos%20criados/MMORPG%20de%20browser/node_modules/@vitest/runner/dist/index.js:1514:51)\n    at callSuiteHook (file:///E:/app%20e%20jogos%20criados/MMORPG%20de%20browser/node_modules/@vitest/runner/dist/index.js:1520:25)\n    at callSuiteHook (file:///E:/app%20e%20jogos%20criados/MMORPG%20de%20browser/node_modules/@vitest/runner/dist/index.js:1527:27)\n    at callSuiteHook (file:///E:/app%20e%20jogos%20criados/MMORPG%20de%20browser/node_modules/@vitest/runner/dist/index.js:1527:27)\n    at file:///E:/app%20e%20jogos%20criados/MMORPG%20de%20browser/node_modules/@vitest/runner/dist/index.js:1676:37"],"meta":{}},{"ancestorTitles":["GameplayEngine - Mob AI System","AI State Transitions"],"fullName":"GameplayEngine - Mob AI System AI State Transitions should return to patrolling when player is far","status":"failed","title":"should return to patrolling when player is far","duration":0.22050000000001546,"failureMessages":["TypeError: document.addEventListener is not a function\n    at GameplayEngine.setupEventListeners (eval at <anonymous> (E:/app e jogos criados/MMORPG de browser/tests/gameplay-mob-ai-coverage.test.js:74:5), <anonymous>:79:22)\n    at GameplayEngine.initialize (eval at <anonymous> (E:/app e jogos criados/MMORPG de browser/tests/gameplay-mob-ai-coverage.test.js:74:5), <anonymous>:72:14)\n    at new GameplayEngine (eval at <anonymous> (E:/app e jogos criados/MMORPG de browser/tests/gameplay-mob-ai-coverage.test.js:74:5), <anonymous>:68:14)\n    at E:/app e jogos criados/MMORPG de browser/tests/gameplay-mob-ai-coverage.test.js:85:18\n    at file:///E:/app%20e%20jogos%20criados/MMORPG%20de%20browser/node_modules/@vitest/runner/dist/index.js:145:11\n    at file:///E:/app%20e%20jogos%20criados/MMORPG%20de%20browser/node_modules/@vitest/runner/dist/index.js:1243:20\n    at new Promise (<anonymous>)\n    at runWithTimeout (file:///E:/app%20e%20jogos%20criados/MMORPG%20de%20browser/node_modules/@vitest/runner/dist/index.js:1209:10)\n    at runHook (file:///E:/app%20e%20jogos%20criados/MMORPG%20de%20browser/node_modules/@vitest/runner/dist/index.js:1514:51)\n    at callSuiteHook (file:///E:/app%20e%20jogos%20criados/MMORPG%20de%20browser/node_modules/@vitest/runner/dist/index.js:1520:25)","TypeError: Cannot set properties of undefined (setting 'innerHTML')\n    at E:/app e jogos criados/MMORPG de browser/tests/setup.js:390:27\n    at file:///E:/app%20e%20jogos%20criados/MMORPG%20de%20browser/node_modules/@vitest/runner/dist/index.js:145:11\n    at file:///E:/app%20e%20jogos%20criados/MMORPG%20de%20browser/node_modules/@vitest/runner/dist/index.js:1243:20\n    at new Promise (<anonymous>)\n    at runWithTimeout (file:///E:/app%20e%20jogos%20criados/MMORPG%20de%20browser/node_modules/@vitest/runner/dist/index.js:1209:10)\n    at runHook (file:///E:/app%20e%20jogos%20criados/MMORPG%20de%20browser/node_modules/@vitest/runner/dist/index.js:1514:51)\n    at callSuiteHook (file:///E:/app%20e%20jogos%20criados/MMORPG%20de%20browser/node_modules/@vitest/runner/dist/index.js:1520:25)\n    at callSuiteHook (file:///E:/app%20e%20jogos%20criados/MMORPG%20de%20browser/node_modules/@vitest/runner/dist/index.js:1527:27)\n    at callSuiteHook (file:///E:/app%20e%20jogos%20criados/MMORPG%20de%20browser/node_modules/@vitest/runner/dist/index.js:1527:27)\n    at file:///E:/app%20e%20jogos%20criados/MMORPG%20de%20browser/node_modules/@vitest/runner/dist/index.js:1676:37"],"meta":{}},{"ancestorTitles":["GameplayEngine - Mob AI System","AI Behavior Methods"],"fullName":"GameplayEngine - Mob AI System AI Behavior Methods should handle idle state correctly","status":"failed","title":"should handle idle state correctly","duration":0.4132000000000744,"failureMessages":["TypeError: document.addEventListener is not a function\n    at GameplayEngine.setupEventListeners (eval at <anonymous> (E:/app e jogos criados/MMORPG de browser/tests/gameplay-mob-ai-coverage.test.js:74:5), <anonymous>:79:22)\n    at GameplayEngine.initialize (eval at <anonymous> (E:/app e jogos criados/MMORPG de browser/tests/gameplay-mob-ai-coverage.test.js:74:5), <anonymous>:72:14)\n    at new GameplayEngine (eval at <anonymous> (E:/app e jogos criados/MMORPG de browser/tests/gameplay-mob-ai-coverage.test.js:74:5), <anonymous>:68:14)\n    at E:/app e jogos criados/MMORPG de browser/tests/gameplay-mob-ai-coverage.test.js:85:18\n    at file:///E:/app%20e%20jogos%20criados/MMORPG%20de%20browser/node_modules/@vitest/runner/dist/index.js:145:11\n    at file:///E:/app%20e%20jogos%20criados/MMORPG%20de%20browser/node_modules/@vitest/runner/dist/index.js:1243:20\n    at new Promise (<anonymous>)\n    at runWithTimeout (file:///E:/app%20e%20jogos%20criados/MMORPG%20de%20browser/node_modules/@vitest/runner/dist/index.js:1209:10)\n    at runHook (file:///E:/app%20e%20jogos%20criados/MMORPG%20de%20browser/node_modules/@vitest/runner/dist/index.js:1514:51)\n    at callSuiteHook (file:///E:/app%20e%20jogos%20criados/MMORPG%20de%20browser/node_modules/@vitest/runner/dist/index.js:1520:25)","TypeError: Cannot set properties of undefined (setting 'innerHTML')\n    at E:/app e jogos criados/MMORPG de browser/tests/setup.js:390:27\n    at file:///E:/app%20e%20jogos%20criados/MMORPG%20de%20browser/node_modules/@vitest/runner/dist/index.js:145:11\n    at file:///E:/app%20e%20jogos%20criados/MMORPG%20de%20browser/node_modules/@vitest/runner/dist/index.js:1243:20\n    at new Promise (<anonymous>)\n    at runWithTimeout (file:///E:/app%20e%20jogos%20criados/MMORPG%20de%20browser/node_modules/@vitest/runner/dist/index.js:1209:10)\n    at runHook (file:///E:/app%20e%20jogos%20criados/MMORPG%20de%20browser/node_modules/@vitest/runner/dist/index.js:1514:51)\n    at callSuiteHook (file:///E:/app%20e%20jogos%20criados/MMORPG%20de%20browser/node_modules/@vitest/runner/dist/index.js:1520:25)\n    at callSuiteHook (file:///E:/app%20e%20jogos%20criados/MMORPG%20de%20browser/node_modules/@vitest/runner/dist/index.js:1527:27)\n    at callSuiteHook (file:///E:/app%20e%20jogos%20criados/MMORPG%20de%20browser/node_modules/@vitest/runner/dist/index.js:1527:27)\n    at file:///E:/app%20e%20jogos%20criados/MMORPG%20de%20browser/node_modules/@vitest/runner/dist/index.js:1676:37"],"meta":{}},{"ancestorTitles":["GameplayEngine - Mob AI System","AI Behavior Methods"],"fullName":"GameplayEngine - Mob AI System AI Behavior Methods should handle patrol state correctly","status":"failed","title":"should handle patrol state correctly","duration":0.32960000000002765,"failureMessages":["TypeError: document.addEventListener is not a function\n    at GameplayEngine.setupEventListeners (eval at <anonymous> (E:/app e jogos criados/MMORPG de browser/tests/gameplay-mob-ai-coverage.test.js:74:5), <anonymous>:79:22)\n    at GameplayEngine.initialize (eval at <anonymous> (E:/app e jogos criados/MMORPG de browser/tests/gameplay-mob-ai-coverage.test.js:74:5), <anonymous>:72:14)\n    at new GameplayEngine (eval at <anonymous> (E:/app e jogos criados/MMORPG de browser/tests/gameplay-mob-ai-coverage.test.js:74:5), <anonymous>:68:14)\n    at E:/app e jogos criados/MMORPG de browser/tests/gameplay-mob-ai-coverage.test.js:85:18\n    at file:///E:/app%20e%20jogos%20criados/MMORPG%20de%20browser/node_modules/@vitest/runner/dist/index.js:145:11\n    at file:///E:/app%20e%20jogos%20criados/MMORPG%20de%20browser/node_modules/@vitest/runner/dist/index.js:1243:20\n    at new Promise (<anonymous>)\n    at runWithTimeout (file:///E:/app%20e%20jogos%20criados/MMORPG%20de%20browser/node_modules/@vitest/runner/dist/index.js:1209:10)\n    at runHook (file:///E:/app%20e%20jogos%20criados/MMORPG%20de%20browser/node_modules/@vitest/runner/dist/index.js:1514:51)\n    at callSuiteHook (file:///E:/app%20e%20jogos%20criados/MMORPG%20de%20browser/node_modules/@vitest/runner/dist/index.js:1520:25)","TypeError: Cannot set properties of undefined (setting 'innerHTML')\n    at E:/app e jogos criados/MMORPG de browser/tests/setup.js:390:27\n    at file:///E:/app%20e%20jogos%20criados/MMORPG%20de%20browser/node_modules/@vitest/runner/dist/index.js:145:11\n    at file:///E:/app%20e%20jogos%20criados/MMORPG%20de%20browser/node_modules/@vitest/runner/dist/index.js:1243:20\n    at new Promise (<anonymous>)\n    at runWithTimeout (file:///E:/app%20e%20jogos%20criados/MMORPG%20de%20browser/node_modules/@vitest/runner/dist/index.js:1209:10)\n    at runHook (file:///E:/app%20e%20jogos%20criados/MMORPG%20de%20browser/node_modules/@vitest/runner/dist/index.js:1514:51)\n    at callSuiteHook (file:///E:/app%20e%20jogos%20criados/MMORPG%20de%20browser/node_modules/@vitest/runner/dist/index.js:1520:25)\n    at callSuiteHook (file:///E:/app%20e%20jogos%20criados/MMORPG%20de%20browser/node_modules/@vitest/runner/dist/index.js:1527:27)\n    at callSuiteHook (file:///E:/app%20e%20jogos%20criados/MMORPG%20de%20browser/node_modules/@vitest/runner/dist/index.js:1527:27)\n    at file:///E:/app%20e%20jogos%20criados/MMORPG%20de%20browser/node_modules/@vitest/runner/dist/index.js:1676:37"],"meta":{}},{"ancestorTitles":["GameplayEngine - Mob AI System","AI Behavior Methods"],"fullName":"GameplayEngine - Mob AI System AI Behavior Methods should handle flee state correctly","status":"failed","title":"should handle flee state correctly","duration":0.3102000000000089,"failureMessages":["TypeError: document.addEventListener is not a function\n    at GameplayEngine.setupEventListeners (eval at <anonymous> (E:/app e jogos criados/MMORPG de browser/tests/gameplay-mob-ai-coverage.test.js:74:5), <anonymous>:79:22)\n    at GameplayEngine.initialize (eval at <anonymous> (E:/app e jogos criados/MMORPG de browser/tests/gameplay-mob-ai-coverage.test.js:74:5), <anonymous>:72:14)\n    at new GameplayEngine (eval at <anonymous> (E:/app e jogos criados/MMORPG de browser/tests/gameplay-mob-ai-coverage.test.js:74:5), <anonymous>:68:14)\n    at E:/app e jogos criados/MMORPG de browser/tests/gameplay-mob-ai-coverage.test.js:85:18\n    at file:///E:/app%20e%20jogos%20criados/MMORPG%20de%20browser/node_modules/@vitest/runner/dist/index.js:145:11\n    at file:///E:/app%20e%20jogos%20criados/MMORPG%20de%20browser/node_modules/@vitest/runner/dist/index.js:1243:20\n    at new Promise (<anonymous>)\n    at runWithTimeout (file:///E:/app%20e%20jogos%20criados/MMORPG%20de%20browser/node_modules/@vitest/runner/dist/index.js:1209:10)\n    at runHook (file:///E:/app%20e%20jogos%20criados/MMORPG%20de%20browser/node_modules/@vitest/runner/dist/index.js:1514:51)\n    at callSuiteHook (file:///E:/app%20e%20jogos%20criados/MMORPG%20de%20browser/node_modules/@vitest/runner/dist/index.js:1520:25)","TypeError: Cannot set properties of undefined (setting 'innerHTML')\n    at E:/app e jogos criados/MMORPG de browser/tests/setup.js:390:27\n    at file:///E:/app%20e%20jogos%20criados/MMORPG%20de%20browser/node_modules/@vitest/runner/dist/index.js:145:11\n    at file:///E:/app%20e%20jogos%20criados/MMORPG%20de%20browser/node_modules/@vitest/runner/dist/index.js:1243:20\n    at new Promise (<anonymous>)\n    at runWithTimeout (file:///E:/app%20e%20jogos%20criados/MMORPG%20de%20browser/node_modules/@vitest/runner/dist/index.js:1209:10)\n    at runHook (file:///E:/app%20e%20jogos%20criados/MMORPG%20de%20browser/node_modules/@vitest/runner/dist/index.js:1514:51)\n    at callSuiteHook (file:///E:/app%20e%20jogos%20criados/MMORPG%20de%20browser/node_modules/@vitest/runner/dist/index.js:1520:25)\n    at callSuiteHook (file:///E:/app%20e%20jogos%20criados/MMORPG%20de%20browser/node_modules/@vitest/runner/dist/index.js:1527:27)\n    at callSuiteHook (file:///E:/app%20e%20jogos%20criados/MMORPG%20de%20browser/node_modules/@vitest/runner/dist/index.js:1527:27)\n    at file:///E:/app%20e%20jogos%20criados/MMORPG%20de%20browser/node_modules/@vitest/runner/dist/index.js:1676:37"],"meta":{}},{"ancestorTitles":["GameplayEngine - Mob AI System","AI Behavior Methods"],"fullName":"GameplayEngine - Mob AI System AI Behavior Methods should handle attack state correctly","status":"failed","title":"should handle attack state correctly","duration":0.1855000000000473,"failureMessages":["TypeError: document.addEventListener is not a function\n    at GameplayEngine.setupEventListeners (eval at <anonymous> (E:/app e jogos criados/MMORPG de browser/tests/gameplay-mob-ai-coverage.test.js:74:5), <anonymous>:79:22)\n    at GameplayEngine.initialize (eval at <anonymous> (E:/app e jogos criados/MMORPG de browser/tests/gameplay-mob-ai-coverage.test.js:74:5), <anonymous>:72:14)\n    at new GameplayEngine (eval at <anonymous> (E:/app e jogos criados/MMORPG de browser/tests/gameplay-mob-ai-coverage.test.js:74:5), <anonymous>:68:14)\n    at E:/app e jogos criados/MMORPG de browser/tests/gameplay-mob-ai-coverage.test.js:85:18\n    at file:///E:/app%20e%20jogos%20criados/MMORPG%20de%20browser/node_modules/@vitest/runner/dist/index.js:145:11\n    at file:///E:/app%20e%20jogos%20criados/MMORPG%20de%20browser/node_modules/@vitest/runner/dist/index.js:1243:20\n    at new Promise (<anonymous>)\n    at runWithTimeout (file:///E:/app%20e%20jogos%20criados/MMORPG%20de%20browser/node_modules/@vitest/runner/dist/index.js:1209:10)\n    at runHook (file:///E:/app%20e%20jogos%20criados/MMORPG%20de%20browser/node_modules/@vitest/runner/dist/index.js:1514:51)\n    at callSuiteHook (file:///E:/app%20e%20jogos%20criados/MMORPG%20de%20browser/node_modules/@vitest/runner/dist/index.js:1520:25)","TypeError: Cannot set properties of undefined (setting 'innerHTML')\n    at E:/app e jogos criados/MMORPG de browser/tests/setup.js:390:27\n    at file:///E:/app%20e%20jogos%20criados/MMORPG%20de%20browser/node_modules/@vitest/runner/dist/index.js:145:11\n    at file:///E:/app%20e%20jogos%20criados/MMORPG%20de%20browser/node_modules/@vitest/runner/dist/index.js:1243:20\n    at new Promise (<anonymous>)\n    at runWithTimeout (file:///E:/app%20e%20jogos%20criados/MMORPG%20de%20browser/node_modules/@vitest/runner/dist/index.js:1209:10)\n    at runHook (file:///E:/app%20e%20jogos%20criados/MMORPG%20de%20browser/node_modules/@vitest/runner/dist/index.js:1514:51)\n    at callSuiteHook (file:///E:/app%20e%20jogos%20criados/MMORPG%20de%20browser/node_modules/@vitest/runner/dist/index.js:1520:25)\n    at callSuiteHook (file:///E:/app%20e%20jogos%20criados/MMORPG%20de%20browser/node_modules/@vitest/runner/dist/index.js:1527:27)\n    at callSuiteHook (file:///E:/app%20e%20jogos%20criados/MMORPG%20de%20browser/node_modules/@vitest/runner/dist/index.js:1527:27)\n    at file:///E:/app%20e%20jogos%20criados/MMORPG%20de%20browser/node_modules/@vitest/runner/dist/index.js:1676:37"],"meta":{}},{"ancestorTitles":["GameplayEngine - Mob AI System","Utility Methods"],"fullName":"GameplayEngine - Mob AI System Utility Methods should calculate distance correctly","status":"failed","title":"should calculate distance correctly","duration":0.1835999999999558,"failureMessages":["TypeError: document.addEventListener is not a function\n    at GameplayEngine.setupEventListeners (eval at <anonymous> (E:/app e jogos criados/MMORPG de browser/tests/gameplay-mob-ai-coverage.test.js:74:5), <anonymous>:79:22)\n    at GameplayEngine.initialize (eval at <anonymous> (E:/app e jogos criados/MMORPG de browser/tests/gameplay-mob-ai-coverage.test.js:74:5), <anonymous>:72:14)\n    at new GameplayEngine (eval at <anonymous> (E:/app e jogos criados/MMORPG de browser/tests/gameplay-mob-ai-coverage.test.js:74:5), <anonymous>:68:14)\n    at E:/app e jogos criados/MMORPG de browser/tests/gameplay-mob-ai-coverage.test.js:85:18\n    at file:///E:/app%20e%20jogos%20criados/MMORPG%20de%20browser/node_modules/@vitest/runner/dist/index.js:145:11\n    at file:///E:/app%20e%20jogos%20criados/MMORPG%20de%20browser/node_modules/@vitest/runner/dist/index.js:1243:20\n    at new Promise (<anonymous>)\n    at runWithTimeout (file:///E:/app%20e%20jogos%20criados/MMORPG%20de%20browser/node_modules/@vitest/runner/dist/index.js:1209:10)\n    at runHook (file:///E:/app%20e%20jogos%20criados/MMORPG%20de%20browser/node_modules/@vitest/runner/dist/index.js:1514:51)\n    at callSuiteHook (file:///E:/app%20e%20jogos%20criados/MMORPG%20de%20browser/node_modules/@vitest/runner/dist/index.js:1520:25)","TypeError: Cannot set properties of undefined (setting 'innerHTML')\n    at E:/app e jogos criados/MMORPG de browser/tests/setup.js:390:27\n    at file:///E:/app%20e%20jogos%20criados/MMORPG%20de%20browser/node_modules/@vitest/runner/dist/index.js:145:11\n    at file:///E:/app%20e%20jogos%20criados/MMORPG%20de%20browser/node_modules/@vitest/runner/dist/index.js:1243:20\n    at new Promise (<anonymous>)\n    at runWithTimeout (file:///E:/app%20e%20jogos%20criados/MMORPG%20de%20browser/node_modules/@vitest/runner/dist/index.js:1209:10)\n    at runHook (file:///E:/app%20e%20jogos%20criados/MMORPG%20de%20browser/node_modules/@vitest/runner/dist/index.js:1514:51)\n    at callSuiteHook (file:///E:/app%20e%20jogos%20criados/MMORPG%20de%20browser/node_modules/@vitest/runner/dist/index.js:1520:25)\n    at callSuiteHook (file:///E:/app%20e%20jogos%20criados/MMORPG%20de%20browser/node_modules/@vitest/runner/dist/index.js:1527:27)\n    at callSuiteHook (file:///E:/app%20e%20jogos%20criados/MMORPG%20de%20browser/node_modules/@vitest/runner/dist/index.js:1527:27)\n    at file:///E:/app%20e%20jogos%20criados/MMORPG%20de%20browser/node_modules/@vitest/runner/dist/index.js:1676:37"],"meta":{}},{"ancestorTitles":["GameplayEngine - Mob AI System","Utility Methods"],"fullName":"GameplayEngine - Mob AI System Utility Methods should calculate path correctly","status":"failed","title":"should calculate path correctly","duration":0.1772999999999456,"failureMessages":["TypeError: document.addEventListener is not a function\n    at GameplayEngine.setupEventListeners (eval at <anonymous> (E:/app e jogos criados/MMORPG de browser/tests/gameplay-mob-ai-coverage.test.js:74:5), <anonymous>:79:22)\n    at GameplayEngine.initialize (eval at <anonymous> (E:/app e jogos criados/MMORPG de browser/tests/gameplay-mob-ai-coverage.test.js:74:5), <anonymous>:72:14)\n    at new GameplayEngine (eval at <anonymous> (E:/app e jogos criados/MMORPG de browser/tests/gameplay-mob-ai-coverage.test.js:74:5), <anonymous>:68:14)\n    at E:/app e jogos criados/MMORPG de browser/tests/gameplay-mob-ai-coverage.test.js:85:18\n    at file:///E:/app%20e%20jogos%20criados/MMORPG%20de%20browser/node_modules/@vitest/runner/dist/index.js:145:11\n    at file:///E:/app%20e%20jogos%20criados/MMORPG%20de%20browser/node_modules/@vitest/runner/dist/index.js:1243:20\n    at new Promise (<anonymous>)\n    at runWithTimeout (file:///E:/app%20e%20jogos%20criados/MMORPG%20de%20browser/node_modules/@vitest/runner/dist/index.js:1209:10)\n    at runHook (file:///E:/app%20e%20jogos%20criados/MMORPG%20de%20browser/node_modules/@vitest/runner/dist/index.js:1514:51)\n    at callSuiteHook (file:///E:/app%20e%20jogos%20criados/MMORPG%20de%20browser/node_modules/@vitest/runner/dist/index.js:1520:25)","TypeError: Cannot set properties of undefined (setting 'innerHTML')\n    at E:/app e jogos criados/MMORPG de browser/tests/setup.js:390:27\n    at file:///E:/app%20e%20jogos%20criados/MMORPG%20de%20browser/node_modules/@vitest/runner/dist/index.js:145:11\n    at file:///E:/app%20e%20jogos%20criados/MMORPG%20de%20browser/node_modules/@vitest/runner/dist/index.js:1243:20\n    at new Promise (<anonymous>)\n    at runWithTimeout (file:///E:/app%20e%20jogos%20criados/MMORPG%20de%20browser/node_modules/@vitest/runner/dist/index.js:1209:10)\n    at runHook (file:///E:/app%20e%20jogos%20criados/MMORPG%20de%20browser/node_modules/@vitest/runner/dist/index.js:1514:51)\n    at callSuiteHook (file:///E:/app%20e%20jogos%20criados/MMORPG%20de%20browser/node_modules/@vitest/runner/dist/index.js:1520:25)\n    at callSuiteHook (file:///E:/app%20e%20jogos%20criados/MMORPG%20de%20browser/node_modules/@vitest/runner/dist/index.js:1527:27)\n    at callSuiteHook (file:///E:/app%20e%20jogos%20criados/MMORPG%20de%20browser/node_modules/@vitest/runner/dist/index.js:1527:27)\n    at file:///E:/app%20e%20jogos%20criados/MMORPG%20de%20browser/node_modules/@vitest/runner/dist/index.js:1676:37"],"meta":{}},{"ancestorTitles":["GameplayEngine - Mob AI System","Utility Methods"],"fullName":"GameplayEngine - Mob AI System Utility Methods should avoid obstacles correctly","status":"failed","title":"should avoid obstacles correctly","duration":0.14760000000001128,"failureMessages":["TypeError: document.addEventListener is not a function\n    at GameplayEngine.setupEventListeners (eval at <anonymous> (E:/app e jogos criados/MMORPG de browser/tests/gameplay-mob-ai-coverage.test.js:74:5), <anonymous>:79:22)\n    at GameplayEngine.initialize (eval at <anonymous> (E:/app e jogos criados/MMORPG de browser/tests/gameplay-mob-ai-coverage.test.js:74:5), <anonymous>:72:14)\n    at new GameplayEngine (eval at <anonymous> (E:/app e jogos criados/MMORPG de browser/tests/gameplay-mob-ai-coverage.test.js:74:5), <anonymous>:68:14)\n    at E:/app e jogos criados/MMORPG de browser/tests/gameplay-mob-ai-coverage.test.js:85:18\n    at file:///E:/app%20e%20jogos%20criados/MMORPG%20de%20browser/node_modules/@vitest/runner/dist/index.js:145:11\n    at file:///E:/app%20e%20jogos%20criados/MMORPG%20de%20browser/node_modules/@vitest/runner/dist/index.js:1243:20\n    at new Promise (<anonymous>)\n    at runWithTimeout (file:///E:/app%20e%20jogos%20criados/MMORPG%20de%20browser/node_modules/@vitest/runner/dist/index.js:1209:10)\n    at runHook (file:///E:/app%20e%20jogos%20criados/MMORPG%20de%20browser/node_modules/@vitest/runner/dist/index.js:1514:51)\n    at callSuiteHook (file:///E:/app%20e%20jogos%20criados/MMORPG%20de%20browser/node_modules/@vitest/runner/dist/index.js:1520:25)","TypeError: Cannot set properties of undefined (setting 'innerHTML')\n    at E:/app e jogos criados/MMORPG de browser/tests/setup.js:390:27\n    at file:///E:/app%20e%20jogos%20criados/MMORPG%20de%20browser/node_modules/@vitest/runner/dist/index.js:145:11\n    at file:///E:/app%20e%20jogos%20criados/MMORPG%20de%20browser/node_modules/@vitest/runner/dist/index.js:1243:20\n    at new Promise (<anonymous>)\n    at runWithTimeout (file:///E:/app%20e%20jogos%20criados/MMORPG%20de%20browser/node_modules/@vitest/runner/dist/index.js:1209:10)\n    at runHook (file:///E:/app%20e%20jogos%20criados/MMORPG%20de%20browser/node_modules/@vitest/runner/dist/index.js:1514:51)\n    at callSuiteHook (file:///E:/app%20e%20jogos%20criados/MMORPG%20de%20browser/node_modules/@vitest/runner/dist/index.js:1520:25)\n    at callSuiteHook (file:///E:/app%20e%20jogos%20criados/MMORPG%20de%20browser/node_modules/@vitest/runner/dist/index.js:1527:27)\n    at callSuiteHook (file:///E:/app%20e%20jogos%20criados/MMORPG%20de%20browser/node_modules/@vitest/runner/dist/index.js:1527:27)\n    at file:///E:/app%20e%20jogos%20criados/MMORPG%20de%20browser/node_modules/@vitest/runner/dist/index.js:1676:37"],"meta":{}},{"ancestorTitles":["GameplayEngine - Mob AI System","Utility Methods"],"fullName":"GameplayEngine - Mob AI System Utility Methods should check rectangle collision correctly","status":"failed","title":"should check rectangle collision correctly","duration":0.1494000000000142,"failureMessages":["TypeError: document.addEventListener is not a function\n    at GameplayEngine.setupEventListeners (eval at <anonymous> (E:/app e jogos criados/MMORPG de browser/tests/gameplay-mob-ai-coverage.test.js:74:5), <anonymous>:79:22)\n    at GameplayEngine.initialize (eval at <anonymous> (E:/app e jogos criados/MMORPG de browser/tests/gameplay-mob-ai-coverage.test.js:74:5), <anonymous>:72:14)\n    at new GameplayEngine (eval at <anonymous> (E:/app e jogos criados/MMORPG de browser/tests/gameplay-mob-ai-coverage.test.js:74:5), <anonymous>:68:14)\n    at E:/app e jogos criados/MMORPG de browser/tests/gameplay-mob-ai-coverage.test.js:85:18\n    at file:///E:/app%20e%20jogos%20criados/MMORPG%20de%20browser/node_modules/@vitest/runner/dist/index.js:145:11\n    at file:///E:/app%20e%20jogos%20criados/MMORPG%20de%20browser/node_modules/@vitest/runner/dist/index.js:1243:20\n    at new Promise (<anonymous>)\n    at runWithTimeout (file:///E:/app%20e%20jogos%20criados/MMORPG%20de%20browser/node_modules/@vitest/runner/dist/index.js:1209:10)\n    at runHook (file:///E:/app%20e%20jogos%20criados/MMORPG%20de%20browser/node_modules/@vitest/runner/dist/index.js:1514:51)\n    at callSuiteHook (file:///E:/app%20e%20jogos%20criados/MMORPG%20de%20browser/node_modules/@vitest/runner/dist/index.js:1520:25)","TypeError: Cannot set properties of undefined (setting 'innerHTML')\n    at E:/app e jogos criados/MMORPG de browser/tests/setup.js:390:27\n    at file:///E:/app%20e%20jogos%20criados/MMORPG%20de%20browser/node_modules/@vitest/runner/dist/index.js:145:11\n    at file:///E:/app%20e%20jogos%20criados/MMORPG%20de%20browser/node_modules/@vitest/runner/dist/index.js:1243:20\n    at new Promise (<anonymous>)\n    at runWithTimeout (file:///E:/app%20e%20jogos%20criados/MMORPG%20de%20browser/node_modules/@vitest/runner/dist/index.js:1209:10)\n    at runHook (file:///E:/app%20e%20jogos%20criados/MMORPG%20de%20browser/node_modules/@vitest/runner/dist/index.js:1514:51)\n    at callSuiteHook (file:///E:/app%20e%20jogos%20criados/MMORPG%20de%20browser/node_modules/@vitest/runner/dist/index.js:1520:25)\n    at callSuiteHook (file:///E:/app%20e%20jogos%20criados/MMORPG%20de%20browser/node_modules/@vitest/runner/dist/index.js:1527:27)\n    at callSuiteHook (file:///E:/app%20e%20jogos%20criados/MMORPG%20de%20browser/node_modules/@vitest/runner/dist/index.js:1527:27)\n    at file:///E:/app%20e%20jogos%20criados/MMORPG%20de%20browser/node_modules/@vitest/runner/dist/index.js:1676:37"],"meta":{}},{"ancestorTitles":["GameplayEngine - Mob AI System","Mob Attack System"],"fullName":"GameplayEngine - Mob AI System Mob Attack System should attack player with damage","status":"failed","title":"should attack player with damage","duration":0.15679999999997563,"failureMessages":["TypeError: document.addEventListener is not a function\n    at GameplayEngine.setupEventListeners (eval at <anonymous> (E:/app e jogos criados/MMORPG de browser/tests/gameplay-mob-ai-coverage.test.js:74:5), <anonymous>:79:22)\n    at GameplayEngine.initialize (eval at <anonymous> (E:/app e jogos criados/MMORPG de browser/tests/gameplay-mob-ai-coverage.test.js:74:5), <anonymous>:72:14)\n    at new GameplayEngine (eval at <anonymous> (E:/app e jogos criados/MMORPG de browser/tests/gameplay-mob-ai-coverage.test.js:74:5), <anonymous>:68:14)\n    at E:/app e jogos criados/MMORPG de browser/tests/gameplay-mob-ai-coverage.test.js:85:18\n    at file:///E:/app%20e%20jogos%20criados/MMORPG%20de%20browser/node_modules/@vitest/runner/dist/index.js:145:11\n    at file:///E:/app%20e%20jogos%20criados/MMORPG%20de%20browser/node_modules/@vitest/runner/dist/index.js:1243:20\n    at new Promise (<anonymous>)\n    at runWithTimeout (file:///E:/app%20e%20jogos%20criados/MMORPG%20de%20browser/node_modules/@vitest/runner/dist/index.js:1209:10)\n    at runHook (file:///E:/app%20e%20jogos%20criados/MMORPG%20de%20browser/node_modules/@vitest/runner/dist/index.js:1514:51)\n    at callSuiteHook (file:///E:/app%20e%20jogos%20criados/MMORPG%20de%20browser/node_modules/@vitest/runner/dist/index.js:1520:25)","TypeError: Cannot set properties of undefined (setting 'innerHTML')\n    at E:/app e jogos criados/MMORPG de browser/tests/setup.js:390:27\n    at file:///E:/app%20e%20jogos%20criados/MMORPG%20de%20browser/node_modules/@vitest/runner/dist/index.js:145:11\n    at file:///E:/app%20e%20jogos%20criados/MMORPG%20de%20browser/node_modules/@vitest/runner/dist/index.js:1243:20\n    at new Promise (<anonymous>)\n    at runWithTimeout (file:///E:/app%20e%20jogos%20criados/MMORPG%20de%20browser/node_modules/@vitest/runner/dist/index.js:1209:10)\n    at runHook (file:///E:/app%20e%20jogos%20criados/MMORPG%20de%20browser/node_modules/@vitest/runner/dist/index.js:1514:51)\n    at callSuiteHook (file:///E:/app%20e%20jogos%20criados/MMORPG%20de%20browser/node_modules/@vitest/runner/dist/index.js:1520:25)\n    at callSuiteHook (file:///E:/app%20e%20jogos%20criados/MMORPG%20de%20browser/node_modules/@vitest/runner/dist/index.js:1527:27)\n    at callSuiteHook (file:///E:/app%20e%20jogos%20criados/MMORPG%20de%20browser/node_modules/@vitest/runner/dist/index.js:1527:27)\n    at file:///E:/app%20e%20jogos%20criados/MMORPG%20de%20browser/node_modules/@vitest/runner/dist/index.js:1676:37"],"meta":{}},{"ancestorTitles":["GameplayEngine - Mob AI System","Mob Attack System"],"fullName":"GameplayEngine - Mob AI System Mob Attack System should apply knockback to player","status":"failed","title":"should apply knockback to player","duration":0.15020000000004075,"failureMessages":["TypeError: document.addEventListener is not a function\n    at GameplayEngine.setupEventListeners (eval at <anonymous> (E:/app e jogos criados/MMORPG de browser/tests/gameplay-mob-ai-coverage.test.js:74:5), <anonymous>:79:22)\n    at GameplayEngine.initialize (eval at <anonymous> (E:/app e jogos criados/MMORPG de browser/tests/gameplay-mob-ai-coverage.test.js:74:5), <anonymous>:72:14)\n    at new GameplayEngine (eval at <anonymous> (E:/app e jogos criados/MMORPG de browser/tests/gameplay-mob-ai-coverage.test.js:74:5), <anonymous>:68:14)\n    at E:/app e jogos criados/MMORPG de browser/tests/gameplay-mob-ai-coverage.test.js:85:18\n    at file:///E:/app%20e%20jogos%20criados/MMORPG%20de%20browser/node_modules/@vitest/runner/dist/index.js:145:11\n    at file:///E:/app%20e%20jogos%20criados/MMORPG%20de%20browser/node_modules/@vitest/runner/dist/index.js:1243:20\n    at new Promise (<anonymous>)\n    at runWithTimeout (file:///E:/app%20e%20jogos%20criados/MMORPG%20de%20browser/node_modules/@vitest/runner/dist/index.js:1209:10)\n    at runHook (file:///E:/app%20e%20jogos%20criados/MMORPG%20de%20browser/node_modules/@vitest/runner/dist/index.js:1514:51)\n    at callSuiteHook (file:///E:/app%20e%20jogos%20criados/MMORPG%20de%20browser/node_modules/@vitest/runner/dist/index.js:1520:25)","TypeError: Cannot set properties of undefined (setting 'innerHTML')\n    at E:/app e jogos criados/MMORPG de browser/tests/setup.js:390:27\n    at file:///E:/app%20e%20jogos%20criados/MMORPG%20de%20browser/node_modules/@vitest/runner/dist/index.js:145:11\n    at file:///E:/app%20e%20jogos%20criados/MMORPG%20de%20browser/node_modules/@vitest/runner/dist/index.js:1243:20\n    at new Promise (<anonymous>)\n    at runWithTimeout (file:///E:/app%20e%20jogos%20criados/MMORPG%20de%20browser/node_modules/@vitest/runner/dist/index.js:1209:10)\n    at runHook (file:///E:/app%20e%20jogos%20criados/MMORPG%20de%20browser/node_modules/@vitest/runner/dist/index.js:1514:51)\n    at callSuiteHook (file:///E:/app%20e%20jogos%20criados/MMORPG%20de%20browser/node_modules/@vitest/runner/dist/index.js:1520:25)\n    at callSuiteHook (file:///E:/app%20e%20jogos%20criados/MMORPG%20de%20browser/node_modules/@vitest/runner/dist/index.js:1527:27)\n    at callSuiteHook (file:///E:/app%20e%20jogos%20criados/MMORPG%20de%20browser/node_modules/@vitest/runner/dist/index.js:1527:27)\n    at file:///E:/app%20e%20jogos%20criados/MMORPG%20de%20browser/node_modules/@vitest/runner/dist/index.js:1676:37"],"meta":{}},{"ancestorTitles":["GameplayEngine - Mob AI System","Mob Attack System"],"fullName":"GameplayEngine - Mob AI System Mob Attack System should keep player in bounds","status":"failed","title":"should keep player in bounds","duration":0.13469999999995252,"failureMessages":["TypeError: document.addEventListener is not a function\n    at GameplayEngine.setupEventListeners (eval at <anonymous> (E:/app e jogos criados/MMORPG de browser/tests/gameplay-mob-ai-coverage.test.js:74:5), <anonymous>:79:22)\n    at GameplayEngine.initialize (eval at <anonymous> (E:/app e jogos criados/MMORPG de browser/tests/gameplay-mob-ai-coverage.test.js:74:5), <anonymous>:72:14)\n    at new GameplayEngine (eval at <anonymous> (E:/app e jogos criados/MMORPG de browser/tests/gameplay-mob-ai-coverage.test.js:74:5), <anonymous>:68:14)\n    at E:/app e jogos criados/MMORPG de browser/tests/gameplay-mob-ai-coverage.test.js:85:18\n    at file:///E:/app%20e%20jogos%20criados/MMORPG%20de%20browser/node_modules/@vitest/runner/dist/index.js:145:11\n    at file:///E:/app%20e%20jogos%20criados/MMORPG%20de%20browser/node_modules/@vitest/runner/dist/index.js:1243:20\n    at new Promise (<anonymous>)\n    at runWithTimeout (file:///E:/app%20e%20jogos%20criados/MMORPG%20de%20browser/node_modules/@vitest/runner/dist/index.js:1209:10)\n    at runHook (file:///E:/app%20e%20jogos%20criados/MMORPG%20de%20browser/node_modules/@vitest/runner/dist/index.js:1514:51)\n    at callSuiteHook (file:///E:/app%20e%20jogos%20criados/MMORPG%20de%20browser/node_modules/@vitest/runner/dist/index.js:1520:25)","TypeError: Cannot set properties of undefined (setting 'innerHTML')\n    at E:/app e jogos criados/MMORPG de browser/tests/setup.js:390:27\n    at file:///E:/app%20e%20jogos%20criados/MMORPG%20de%20browser/node_modules/@vitest/runner/dist/index.js:145:11\n    at file:///E:/app%20e%20jogos%20criados/MMORPG%20de%20browser/node_modules/@vitest/runner/dist/index.js:1243:20\n    at new Promise (<anonymous>)\n    at runWithTimeout (file:///E:/app%20e%20jogos%20criados/MMORPG%20de%20browser/node_modules/@vitest/runner/dist/index.js:1209:10)\n    at runHook (file:///E:/app%20e%20jogos%20criados/MMORPG%20de%20browser/node_modules/@vitest/runner/dist/index.js:1514:51)\n    at callSuiteHook (file:///E:/app%20e%20jogos%20criados/MMORPG%20de%20browser/node_modules/@vitest/runner/dist/index.js:1520:25)\n    at callSuiteHook (file:///E:/app%20e%20jogos%20criados/MMORPG%20de%20browser/node_modules/@vitest/runner/dist/index.js:1527:27)\n    at callSuiteHook (file:///E:/app%20e%20jogos%20criados/MMORPG%20de%20browser/node_modules/@vitest/runner/dist/index.js:1527:27)\n    at file:///E:/app%20e%20jogos%20criados/MMORPG%20de%20browser/node_modules/@vitest/runner/dist/index.js:1676:37"],"meta":{}},{"ancestorTitles":["GameplayEngine - Mob AI System","Performance Tests"],"fullName":"GameplayEngine - Mob AI System Performance Tests should handle AI updates efficiently","status":"failed","title":"should handle AI updates efficiently","duration":0.1390999999999849,"failureMessages":["TypeError: document.addEventListener is not a function\n    at GameplayEngine.setupEventListeners (eval at <anonymous> (E:/app e jogos criados/MMORPG de browser/tests/gameplay-mob-ai-coverage.test.js:74:5), <anonymous>:79:22)\n    at GameplayEngine.initialize (eval at <anonymous> (E:/app e jogos criados/MMORPG de browser/tests/gameplay-mob-ai-coverage.test.js:74:5), <anonymous>:72:14)\n    at new GameplayEngine (eval at <anonymous> (E:/app e jogos criados/MMORPG de browser/tests/gameplay-mob-ai-coverage.test.js:74:5), <anonymous>:68:14)\n    at E:/app e jogos criados/MMORPG de browser/tests/gameplay-mob-ai-coverage.test.js:85:18\n    at file:///E:/app%20e%20jogos%20criados/MMORPG%20de%20browser/node_modules/@vitest/runner/dist/index.js:145:11\n    at file:///E:/app%20e%20jogos%20criados/MMORPG%20de%20browser/node_modules/@vitest/runner/dist/index.js:1243:20\n    at new Promise (<anonymous>)\n    at runWithTimeout (file:///E:/app%20e%20jogos%20criados/MMORPG%20de%20browser/node_modules/@vitest/runner/dist/index.js:1209:10)\n    at runHook (file:///E:/app%20e%20jogos%20criados/MMORPG%20de%20browser/node_modules/@vitest/runner/dist/index.js:1514:51)\n    at callSuiteHook (file:///E:/app%20e%20jogos%20criados/MMORPG%20de%20browser/node_modules/@vitest/runner/dist/index.js:1520:25)","TypeError: Cannot set properties of undefined (setting 'innerHTML')\n    at E:/app e jogos criados/MMORPG de browser/tests/setup.js:390:27\n    at file:///E:/app%20e%20jogos%20criados/MMORPG%20de%20browser/node_modules/@vitest/runner/dist/index.js:145:11\n    at file:///E:/app%20e%20jogos%20criados/MMORPG%20de%20browser/node_modules/@vitest/runner/dist/index.js:1243:20\n    at new Promise (<anonymous>)\n    at runWithTimeout (file:///E:/app%20e%20jogos%20criados/MMORPG%20de%20browser/node_modules/@vitest/runner/dist/index.js:1209:10)\n    at runHook (file:///E:/app%20e%20jogos%20criados/MMORPG%20de%20browser/node_modules/@vitest/runner/dist/index.js:1514:51)\n    at callSuiteHook (file:///E:/app%20e%20jogos%20criados/MMORPG%20de%20browser/node_modules/@vitest/runner/dist/index.js:1520:25)\n    at callSuiteHook (file:///E:/app%20e%20jogos%20criados/MMORPG%20de%20browser/node_modules/@vitest/runner/dist/index.js:1527:27)\n    at callSuiteHook (file:///E:/app%20e%20jogos%20criados/MMORPG%20de%20browser/node_modules/@vitest/runner/dist/index.js:1527:27)\n    at file:///E:/app%20e%20jogos%20criados/MMORPG%20de%20browser/node_modules/@vitest/runner/dist/index.js:1676:37"],"meta":{}},{"ancestorTitles":["GameplayEngine - Mob AI System","Performance Tests"],"fullName":"GameplayEngine - Mob AI System Performance Tests should maintain performance at 60 FPS","status":"failed","title":"should maintain performance at 60 FPS","duration":0.15190000000006876,"failureMessages":["TypeError: document.addEventListener is not a function\n    at GameplayEngine.setupEventListeners (eval at <anonymous> (E:/app e jogos criados/MMORPG de browser/tests/gameplay-mob-ai-coverage.test.js:74:5), <anonymous>:79:22)\n    at GameplayEngine.initialize (eval at <anonymous> (E:/app e jogos criados/MMORPG de browser/tests/gameplay-mob-ai-coverage.test.js:74:5), <anonymous>:72:14)\n    at new GameplayEngine (eval at <anonymous> (E:/app e jogos criados/MMORPG de browser/tests/gameplay-mob-ai-coverage.test.js:74:5), <anonymous>:68:14)\n    at E:/app e jogos criados/MMORPG de browser/tests/gameplay-mob-ai-coverage.test.js:85:18\n    at file:///E:/app%20e%20jogos%20criados/MMORPG%20de%20browser/node_modules/@vitest/runner/dist/index.js:145:11\n    at file:///E:/app%20e%20jogos%20criados/MMORPG%20de%20browser/node_modules/@vitest/runner/dist/index.js:1243:20\n    at new Promise (<anonymous>)\n    at runWithTimeout (file:///E:/app%20e%20jogos%20criados/MMORPG%20de%20browser/node_modules/@vitest/runner/dist/index.js:1209:10)\n    at runHook (file:///E:/app%20e%20jogos%20criados/MMORPG%20de%20browser/node_modules/@vitest/runner/dist/index.js:1514:51)\n    at callSuiteHook (file:///E:/app%20e%20jogos%20criados/MMORPG%20de%20browser/node_modules/@vitest/runner/dist/index.js:1520:25)","TypeError: Cannot set properties of undefined (setting 'innerHTML')\n    at E:/app e jogos criados/MMORPG de browser/tests/setup.js:390:27\n    at file:///E:/app%20e%20jogos%20criados/MMORPG%20de%20browser/node_modules/@vitest/runner/dist/index.js:145:11\n    at file:///E:/app%20e%20jogos%20criados/MMORPG%20de%20browser/node_modules/@vitest/runner/dist/index.js:1243:20\n    at new Promise (<anonymous>)\n    at runWithTimeout (file:///E:/app%20e%20jogos%20criados/MMORPG%20de%20browser/node_modules/@vitest/runner/dist/index.js:1209:10)\n    at runHook (file:///E:/app%20e%20jogos%20criados/MMORPG%20de%20browser/node_modules/@vitest/runner/dist/index.js:1514:51)\n    at callSuiteHook (file:///E:/app%20e%20jogos%20criados/MMORPG%20de%20browser/node_modules/@vitest/runner/dist/index.js:1520:25)\n    at callSuiteHook (file:///E:/app%20e%20jogos%20criados/MMORPG%20de%20browser/node_modules/@vitest/runner/dist/index.js:1527:27)\n    at callSuiteHook (file:///E:/app%20e%20jogos%20criados/MMORPG%20de%20browser/node_modules/@vitest/runner/dist/index.js:1527:27)\n    at file:///E:/app%20e%20jogos%20criados/MMORPG%20de%20browser/node_modules/@vitest/runner/dist/index.js:1676:37"],"meta":{}}],"startTime":1773157668821,"endTime":1773157668832.1519,"status":"failed","message":"","name":"E:/app e jogos criados/MMORPG de browser/tests/gameplay-mob-ai-coverage.test.js"}]}