{"numTotalTestSuites":7,"numPassedTestSuites":7,"numFailedTestSuites":0,"numPendingTestSuites":0,"numTotalTests":14,"numPassedTests":14,"numFailedTests":0,"numPendingTests":0,"numTodoTests":0,"snapshot":{"added":0,"failure":false,"filesAdded":0,"filesRemoved":0,"filesRemovedList":[],"filesUnmatched":0,"filesUpdated":0,"matched":0,"total":0,"unchecked":0,"uncheckedKeysByFile":[],"unmatched":0,"updated":0,"didUpdate":false},"startTime":1773113739140,"success":true,"testResults":[{"assertionResults":[{"ancestorTitles":["GameplayEngine - Mob AI System","Mob Initialization"],"fullName":"GameplayEngine - Mob AI System Mob Initialization should initialize mobs with AI properties","status":"passed","title":"should initialize mobs with AI properties","duration":3.3940999999999804,"failureMessages":[],"meta":{}},{"ancestorTitles":["GameplayEngine - Mob AI System","Mob Initialization"],"fullName":"GameplayEngine - Mob AI System Mob Initialization should set correct initial AI state","status":"passed","title":"should set correct initial AI state","duration":0.6676000000001068,"failureMessages":[],"meta":{}},{"ancestorTitles":["GameplayEngine - Mob AI System","Mob Initialization"],"fullName":"GameplayEngine - Mob AI System Mob Initialization should initialize patrol centers","status":"passed","title":"should initialize patrol centers","duration":0.5425999999999931,"failureMessages":[],"meta":{}},{"ancestorTitles":["GameplayEngine - Mob AI System","AI State Transitions"],"fullName":"GameplayEngine - Mob AI System AI State Transitions should transition to fleeing when HP is low","status":"passed","title":"should transition to fleeing when HP is low","duration":0.2586000000000013,"failureMessages":[],"meta":{}},{"ancestorTitles":["GameplayEngine - Mob AI System","AI State Transitions"],"fullName":"GameplayEngine - Mob AI System AI State Transitions should transition to aggro when player is near","status":"passed","title":"should transition to aggro when player is near","duration":0.199799999999982,"failureMessages":[],"meta":{}},{"ancestorTitles":["GameplayEngine - Mob AI System","AI State Transitions"],"fullName":"GameplayEngine - Mob AI System AI State Transitions should transition to attacking when in range","status":"passed","title":"should transition to attacking when in range","duration":0.1128999999999678,"failureMessages":[],"meta":{}},{"ancestorTitles":["GameplayEngine - Mob AI System","AI State Transitions"],"fullName":"GameplayEngine - Mob AI System AI State Transitions should return to patrolling when player is far","status":"passed","title":"should return to patrolling when player is far","duration":0.1493000000000393,"failureMessages":[],"meta":{}},{"ancestorTitles":["GameplayEngine - Mob AI System","Utility Methods"],"fullName":"GameplayEngine - Mob AI System Utility Methods should calculate distance correctly","status":"passed","title":"should calculate distance correctly","duration":0.32320000000004256,"failureMessages":[],"meta":{}},{"ancestorTitles":["GameplayEngine - Mob AI System","Utility Methods"],"fullName":"GameplayEngine - Mob AI System Utility Methods should calculate path correctly","status":"passed","title":"should calculate path correctly","duration":1.404700000000048,"failureMessages":[],"meta":{}},{"ancestorTitles":["GameplayEngine - Mob AI System","Utility Methods"],"fullName":"GameplayEngine - Mob AI System Utility Methods should check rectangle collision correctly","status":"passed","title":"should check rectangle collision correctly","duration":0.26340000000004693,"failureMessages":[],"meta":{}},{"ancestorTitles":["GameplayEngine - Mob AI System","Mob Attack System"],"fullName":"GameplayEngine - Mob AI System Mob Attack System should apply knockback to player","status":"passed","title":"should apply knockback to player","duration":0.40199999999992997,"failureMessages":[],"meta":{}},{"ancestorTitles":["GameplayEngine - Mob AI System","Mob Attack System"],"fullName":"GameplayEngine - Mob AI System Mob Attack System should keep player in bounds","status":"passed","title":"should keep player in bounds","duration":0.25060000000007676,"failureMessages":[],"meta":{}},{"ancestorTitles":["GameplayEngine - Mob AI System","Performance Tests"],"fullName":"GameplayEngine - Mob AI System Performance Tests should handle AI updates efficiently","status":"passed","title":"should handle AI updates efficiently","duration":0.23930000000007112,"failureMessages":[],"meta":{}},{"ancestorTitles":["GameplayEngine - Mob AI System","Performance Tests"],"fullName":"GameplayEngine - Mob AI System Performance Tests should maintain performance at 60 FPS","status":"passed","title":"should maintain performance at 60 FPS","duration":0.177599999999984,"failureMessages":[],"meta":{}}],"startTime":1773113739940,"endTime":1773113739948.402,"status":"passed","message":"","name":"E:/app e jogos criados/MMORPG de browser/tests/gameplay-mob-ai-final.test.js"}],"coverageMap":{"E:\\app e jogos criados\\MMORPG de browser\\src\\SimpleLoginManager.js":{"path":"E:\\app e jogos criados\\MMORPG de browser\\src\\SimpleLoginManager.js","statementMap":{"0":{"start":{"line":4,"column":4},"end":{"line":4,"column":null}},"1":{"start":{"line":5,"column":4},"end":{"line":5,"column":null}},"2":{"start":{"line":6,"column":4},"end":{"line":6,"column":null}},"3":{"start":{"line":10,"column":21},"end":{"line":10,"column":49}},"4":{"start":{"line":11,"column":21},"end":{"line":11,"column":49}},"5":{"start":{"line":13,"column":4},"end":{"line":16,"column":null}},"6":{"start":{"line":14,"column":6},"end":{"line":14,"column":null}},"7":{"start":{"line":15,"column":6},"end":{"line":15,"column":null}},"8":{"start":{"line":18,"column":21},"end":{"line":18,"column":81}},"9":{"start":{"line":20,"column":4},"end":{"line":25,"column":null}},"10":{"start":{"line":21,"column":6},"end":{"line":21,"column":null}},"11":{"start":{"line":22,"column":6},"end":{"line":22,"column":null}},"12":{"start":{"line":24,"column":6},"end":{"line":24,"column":null}},"13":{"start":{"line":29,"column":21},"end":{"line":29,"column":49}},"14":{"start":{"line":30,"column":21},"end":{"line":30,"column":49}},"15":{"start":{"line":32,"column":4},"end":{"line":35,"column":null}},"16":{"start":{"line":33,"column":6},"end":{"line":33,"column":null}},"17":{"start":{"line":34,"column":6},"end":{"line":34,"column":null}},"18":{"start":{"line":37,"column":21},"end":{"line":37,"column":81}},"19":{"start":{"line":39,"column":4},"end":{"line":42,"column":null}},"20":{"start":{"line":40,"column":6},"end":{"line":40,"column":null}},"21":{"start":{"line":41,"column":6},"end":{"line":41,"column":null}},"22":{"start":{"line":44,"column":17},"end":{"line":49,"column":5}},"23":{"start":{"line":51,"column":4},"end":{"line":51,"column":null}},"24":{"start":{"line":52,"column":4},"end":{"line":52,"column":null}},"25":{"start":{"line":54,"column":4},"end":{"line":54,"column":null}},"26":{"start":{"line":58,"column":4},"end":{"line":58,"column":null}},"27":{"start":{"line":58,"column":26},"end":{"line":58,"column":null}},"28":{"start":{"line":59,"column":4},"end":{"line":59,"column":null}},"29":{"start":{"line":59,"column":30},"end":{"line":59,"column":null}},"30":{"start":{"line":60,"column":4},"end":{"line":60,"column":null}},"31":{"start":{"line":60,"column":25},"end":{"line":60,"column":null}},"32":{"start":{"line":61,"column":4},"end":{"line":61,"column":null}},"33":{"start":{"line":62,"column":4},"end":{"line":62,"column":null}},"34":{"start":{"line":66,"column":4},"end":{"line":66,"column":null}},"35":{"start":{"line":66,"column":26},"end":{"line":66,"column":null}},"36":{"start":{"line":67,"column":4},"end":{"line":67,"column":null}},"37":{"start":{"line":67,"column":30},"end":{"line":67,"column":null}},"38":{"start":{"line":68,"column":4},"end":{"line":68,"column":null}},"39":{"start":{"line":68,"column":25},"end":{"line":68,"column":null}},"40":{"start":{"line":69,"column":4},"end":{"line":69,"column":null}},"41":{"start":{"line":73,"column":4},"end":{"line":73,"column":null}},"42":{"start":{"line":73,"column":26},"end":{"line":73,"column":null}},"43":{"start":{"line":74,"column":4},"end":{"line":74,"column":null}},"44":{"start":{"line":74,"column":30},"end":{"line":74,"column":null}},"45":{"start":{"line":75,"column":4},"end":{"line":75,"column":null}},"46":{"start":{"line":75,"column":25},"end":{"line":75,"column":null}},"47":{"start":{"line":76,"column":4},"end":{"line":76,"column":null}},"48":{"start":{"line":77,"column":4},"end":{"line":77,"column":null}},"49":{"start":{"line":81,"column":4},"end":{"line":81,"column":null}},"50":{"start":{"line":81,"column":27},"end":{"line":81,"column":null}},"51":{"start":{"line":83,"column":4},"end":{"line":100,"column":null}},"52":{"start":{"line":84,"column":25},"end":{"line":84,"column":87}},"53":{"start":{"line":85,"column":29},"end":{"line":85,"column":72}},"54":{"start":{"line":87,"column":6},"end":{"line":87,"column":null}},"55":{"start":{"line":89,"column":6},"end":{"line":92,"column":null}},"56":{"start":{"line":90,"column":8},"end":{"line":90,"column":null}},"57":{"start":{"line":91,"column":8},"end":{"line":91,"column":null}},"58":{"start":{"line":94,"column":6},"end":{"line":97,"column":null}},"59":{"start":{"line":95,"column":21},"end":{"line":95,"column":56}},"60":{"start":{"line":96,"column":8},"end":{"line":96,"column":null}},"61":{"start":{"line":99,"column":6},"end":{"line":99,"column":null}},"62":{"start":{"line":104,"column":17},"end":{"line":104,"column":46}},"63":{"start":{"line":105,"column":4},"end":{"line":105,"column":null}},"64":{"start":{"line":106,"column":4},"end":{"line":112,"column":null}},"65":{"start":{"line":114,"column":4},"end":{"line":117,"column":null}},"66":{"start":{"line":115,"column":6},"end":{"line":115,"column":null}},"67":{"start":{"line":116,"column":6},"end":{"line":116,"column":null}},"68":{"start":{"line":119,"column":4},"end":{"line":119,"column":null}},"69":{"start":{"line":123,"column":4},"end":{"line":126,"column":null}},"70":{"start":{"line":124,"column":6},"end":{"line":124,"column":null}},"71":{"start":{"line":125,"column":6},"end":{"line":125,"column":null}},"72":{"start":{"line":128,"column":4},"end":{"line":128,"column":null}},"73":{"start":{"line":132,"column":4},"end":{"line":132,"column":null}},"74":{"start":{"line":132,"column":27},"end":{"line":132,"column":null}},"75":{"start":{"line":134,"column":23},"end":{"line":134,"column":85}},"76":{"start":{"line":135,"column":27},"end":{"line":135,"column":70}},"77":{"start":{"line":137,"column":4},"end":{"line":140,"column":null}},"78":{"start":{"line":138,"column":6},"end":{"line":138,"column":null}},"79":{"start":{"line":139,"column":6},"end":{"line":139,"column":null}},"80":{"start":{"line":142,"column":22},"end":{"line":153,"column":5}},"81":{"start":{"line":155,"column":4},"end":{"line":155,"column":null}},"82":{"start":{"line":156,"column":4},"end":{"line":156,"column":null}},"83":{"start":{"line":157,"column":4},"end":{"line":157,"column":null}},"84":{"start":{"line":159,"column":4},"end":{"line":159,"column":null}},"85":{"start":{"line":160,"column":4},"end":{"line":160,"column":null}},"86":{"start":{"line":164,"column":4},"end":{"line":164,"column":null}},"87":{"start":{"line":168,"column":20},"end":{"line":168,"column":54}},"88":{"start":{"line":169,"column":4},"end":{"line":172,"column":null}},"89":{"start":{"line":170,"column":6},"end":{"line":170,"column":null}},"90":{"start":{"line":171,"column":6},"end":{"line":171,"column":null}},"91":{"start":{"line":176,"column":4},"end":{"line":176,"column":null}},"92":{"start":{"line":176,"column":27},"end":{"line":176,"column":null}},"93":{"start":{"line":177,"column":4},"end":{"line":177,"column":null}},"94":{"start":{"line":177,"column":31},"end":{"line":177,"column":null}},"95":{"start":{"line":181,"column":4},"end":{"line":186,"column":null}},"96":{"start":{"line":190,"column":4},"end":{"line":190,"column":null}},"97":{"start":{"line":190,"column":27},"end":{"line":190,"column":null}},"98":{"start":{"line":192,"column":23},"end":{"line":192,"column":85}},"99":{"start":{"line":193,"column":27},"end":{"line":193,"column":70}},"100":{"start":{"line":195,"column":4},"end":{"line":197,"column":null}},"101":{"start":{"line":196,"column":6},"end":{"line":196,"column":null}},"102":{"start":{"line":199,"column":22},"end":{"line":206,"column":5}},"103":{"start":{"line":208,"column":4},"end":{"line":208,"column":null}},"104":{"start":{"line":209,"column":4},"end":{"line":209,"column":null}},"105":{"start":{"line":210,"column":4},"end":{"line":210,"column":null}},"106":{"start":{"line":212,"column":4},"end":{"line":212,"column":null}},"107":{"start":{"line":216,"column":18},"end":{"line":223,"column":5}},"108":{"start":{"line":224,"column":4},"end":{"line":224,"column":null}},"109":{"start":{"line":228,"column":16},"end":{"line":228,"column":39}},"110":{"start":{"line":230,"column":4},"end":{"line":233,"column":null}},"111":{"start":{"line":231,"column":6},"end":{"line":231,"column":null}},"112":{"start":{"line":232,"column":6},"end":{"line":232,"column":null}},"113":{"start":{"line":237,"column":4},"end":{"line":237,"column":null}},"114":{"start":{"line":237,"column":56},"end":{"line":237,"column":null}},"115":{"start":{"line":239,"column":16},"end":{"line":239,"column":40}},"116":{"start":{"line":240,"column":18},"end":{"line":240,"column":51}},"117":{"start":{"line":241,"column":4},"end":{"line":241,"column":null}},"118":{"start":{"line":243,"column":4},"end":{"line":243,"column":null}},"119":{"start":{"line":247,"column":4},"end":{"line":247,"column":null}},"120":{"start":{"line":247,"column":35},"end":{"line":247,"column":null}},"121":{"start":{"line":250,"column":4},"end":{"line":250,"column":null}},"122":{"start":{"line":255,"column":4},"end":{"line":257,"column":null}},"123":{"start":{"line":256,"column":6},"end":{"line":256,"column":null}},"124":{"start":{"line":256,"column":52},"end":{"line":256,"column":64}},"125":{"start":{"line":258,"column":4},"end":{"line":260,"column":null}},"126":{"start":{"line":259,"column":6},"end":{"line":259,"column":null}},"127":{"start":{"line":259,"column":60},"end":{"line":259,"column":80}},"128":{"start":{"line":261,"column":4},"end":{"line":263,"column":null}},"129":{"start":{"line":262,"column":6},"end":{"line":262,"column":null}},"130":{"start":{"line":262,"column":57},"end":{"line":262,"column":74}},"131":{"start":{"line":267,"column":4},"end":{"line":269,"column":null}},"132":{"start":{"line":268,"column":6},"end":{"line":268,"column":null}},"133":{"start":{"line":274,"column":21},"end":{"line":274,"column":72}},"134":{"start":{"line":275,"column":21},"end":{"line":275,"column":73}},"135":{"start":{"line":276,"column":4},"end":{"line":276,"column":null}},"136":{"start":{"line":280,"column":4},"end":{"line":280,"column":null}},"137":{"start":{"line":280,"column":25},"end":{"line":280,"column":null}},"138":{"start":{"line":281,"column":4},"end":{"line":281,"column":null}},"139":{"start":{"line":281,"column":26},"end":{"line":281,"column":null}},"140":{"start":{"line":282,"column":4},"end":{"line":282,"column":null}},"141":{"start":{"line":282,"column":21},"end":{"line":282,"column":null}},"142":{"start":{"line":283,"column":4},"end":{"line":283,"column":null}},"143":{"start":{"line":283,"column":27},"end":{"line":283,"column":null}},"144":{"start":{"line":284,"column":4},"end":{"line":284,"column":null}},"145":{"start":{"line":284,"column":23},"end":{"line":284,"column":null}},"146":{"start":{"line":285,"column":4},"end":{"line":285,"column":null}},"147":{"start":{"line":285,"column":22},"end":{"line":285,"column":null}},"148":{"start":{"line":289,"column":4},"end":{"line":292,"column":null}},"149":{"start":{"line":290,"column":24},"end":{"line":290,"column":34}},"150":{"start":{"line":291,"column":6},"end":{"line":291,"column":null}},"151":{"start":{"line":297,"column":0},"end":{"line":301,"column":null}},"152":{"start":{"line":298,"column":2},"end":{"line":298,"column":null}},"153":{"start":{"line":299,"column":7},"end":{"line":301,"column":null}},"154":{"start":{"line":300,"column":2},"end":{"line":300,"column":null}}},"fnMap":{"0":{"name":"(anonymous_0)","decl":{"start":{"line":3,"column":2},"end":{"line":3,"column":13}},"loc":{"start":{"line":3,"column":16},"end":{"line":7,"column":null}},"line":3},"1":{"name":"(anonymous_1)","decl":{"start":{"line":9,"column":2},"end":{"line":9,"column":7}},"loc":{"start":{"line":9,"column":10},"end":{"line":26,"column":null}},"line":9},"2":{"name":"(anonymous_2)","decl":{"start":{"line":28,"column":2},"end":{"line":28,"column":15}},"loc":{"start":{"line":28,"column":18},"end":{"line":55,"column":null}},"line":28},"3":{"name":"(anonymous_3)","decl":{"start":{"line":57,"column":2},"end":{"line":57,"column":15}},"loc":{"start":{"line":57,"column":18},"end":{"line":63,"column":null}},"line":57},"4":{"name":"(anonymous_4)","decl":{"start":{"line":65,"column":2},"end":{"line":65,"column":11}},"loc":{"start":{"line":65,"column":14},"end":{"line":70,"column":null}},"line":65},"5":{"name":"(anonymous_5)","decl":{"start":{"line":72,"column":2},"end":{"line":72,"column":10}},"loc":{"start":{"line":72,"column":13},"end":{"line":78,"column":null}},"line":72},"6":{"name":"(anonymous_6)","decl":{"start":{"line":80,"column":2},"end":{"line":80,"column":16}},"loc":{"start":{"line":80,"column":19},"end":{"line":101,"column":null}},"line":80},"7":{"name":"(anonymous_7)","decl":{"start":{"line":94,"column":29},"end":{"line":94,"column":38}},"loc":{"start":{"line":94,"column":42},"end":{"line":97,"column":7}},"line":94},"8":{"name":"(anonymous_8)","decl":{"start":{"line":103,"column":2},"end":{"line":103,"column":21}},"loc":{"start":{"line":103,"column":33},"end":{"line":120,"column":null}},"line":103},"9":{"name":"(anonymous_9)","decl":{"start":{"line":114,"column":35},"end":{"line":114,"column":36}},"loc":{"start":{"line":114,"column":41},"end":{"line":117,"column":5}},"line":114},"10":{"name":"(anonymous_10)","decl":{"start":{"line":122,"column":2},"end":{"line":122,"column":12}},"loc":{"start":{"line":122,"column":15},"end":{"line":129,"column":null}},"line":122},"11":{"name":"(anonymous_11)","decl":{"start":{"line":131,"column":2},"end":{"line":131,"column":17}},"loc":{"start":{"line":131,"column":30},"end":{"line":161,"column":null}},"line":131},"12":{"name":"(anonymous_12)","decl":{"start":{"line":163,"column":2},"end":{"line":163,"column":11}},"loc":{"start":{"line":163,"column":14},"end":{"line":165,"column":null}},"line":163},"13":{"name":"(anonymous_13)","decl":{"start":{"line":167,"column":2},"end":{"line":167,"column":13}},"loc":{"start":{"line":167,"column":40},"end":{"line":173,"column":null}},"line":167},"14":{"name":"(anonymous_14)","decl":{"start":{"line":175,"column":2},"end":{"line":175,"column":15}},"loc":{"start":{"line":175,"column":18},"end":{"line":178,"column":null}},"line":175},"15":{"name":"(anonymous_15)","decl":{"start":{"line":180,"column":2},"end":{"line":180,"column":19}},"loc":{"start":{"line":180,"column":31},"end":{"line":187,"column":null}},"line":180},"16":{"name":"(anonymous_16)","decl":{"start":{"line":189,"column":2},"end":{"line":189,"column":15}},"loc":{"start":{"line":189,"column":31},"end":{"line":213,"column":null}},"line":189},"17":{"name":"(anonymous_17)","decl":{"start":{"line":215,"column":2},"end":{"line":215,"column":13}},"loc":{"start":{"line":215,"column":20},"end":{"line":225,"column":null}},"line":215},"18":{"name":"(anonymous_18)","decl":{"start":{"line":227,"column":2},"end":{"line":227,"column":15}},"loc":{"start":{"line":227,"column":29},"end":{"line":234,"column":null}},"line":227},"19":{"name":"(anonymous_19)","decl":{"start":{"line":236,"column":2},"end":{"line":236,"column":14}},"loc":{"start":{"line":236,"column":17},"end":{"line":244,"column":null}},"line":236},"20":{"name":"(anonymous_20)","decl":{"start":{"line":246,"column":2},"end":{"line":246,"column":15}},"loc":{"start":{"line":246,"column":23},"end":{"line":251,"column":null}},"line":246},"21":{"name":"(anonymous_21)","decl":{"start":{"line":254,"column":2},"end":{"line":254,"column":26}},"loc":{"start":{"line":254,"column":29},"end":{"line":264,"column":null}},"line":254},"22":{"name":"(anonymous_22)","decl":{"start":{"line":256,"column":46},"end":{"line":256,"column":47}},"loc":{"start":{"line":256,"column":52},"end":{"line":256,"column":64}},"line":256},"23":{"name":"(anonymous_23)","decl":{"start":{"line":259,"column":54},"end":{"line":259,"column":55}},"loc":{"start":{"line":259,"column":60},"end":{"line":259,"column":80}},"line":259},"24":{"name":"(anonymous_24)","decl":{"start":{"line":262,"column":51},"end":{"line":262,"column":52}},"loc":{"start":{"line":262,"column":57},"end":{"line":262,"column":74}},"line":262},"25":{"name":"(anonymous_25)","decl":{"start":{"line":266,"column":2},"end":{"line":266,"column":23}},"loc":{"start":{"line":266,"column":26},"end":{"line":270,"column":null}},"line":266},"26":{"name":"(anonymous_26)","decl":{"start":{"line":273,"column":2},"end":{"line":273,"column":15}},"loc":{"start":{"line":273,"column":55},"end":{"line":277,"column":null}},"line":273},"27":{"name":"(anonymous_27)","decl":{"start":{"line":279,"column":2},"end":{"line":279,"column":11}},"loc":{"start":{"line":279,"column":48},"end":{"line":286,"column":null}},"line":279},"28":{"name":"(anonymous_28)","decl":{"start":{"line":288,"column":2},"end":{"line":288,"column":17}},"loc":{"start":{"line":288,"column":29},"end":{"line":293,"column":null}},"line":288}},"branchMap":{"0":{"loc":{"start":{"line":13,"column":4},"end":{"line":16,"column":null}},"type":"if","locations":[{"start":{"line":13,"column":4},"end":{"line":16,"column":null}},{"start":{},"end":{}}],"line":13},"1":{"loc":{"start":{"line":18,"column":32},"end":{"line":18,"column":80}},"type":"binary-expr","locations":[{"start":{"line":18,"column":32},"end":{"line":18,"column":72}},{"start":{"line":18,"column":76},"end":{"line":18,"column":80}}],"line":18},"2":{"loc":{"start":{"line":20,"column":4},"end":{"line":25,"column":null}},"type":"if","locations":[{"start":{"line":20,"column":4},"end":{"line":25,"column":null}},{"start":{"line":23,"column":11},"end":{"line":25,"column":null}}],"line":20},"3":{"loc":{"start":{"line":32,"column":4},"end":{"line":35,"column":null}},"type":"if","locations":[{"start":{"line":32,"column":4},"end":{"line":35,"column":null}},{"start":{},"end":{}}],"line":32},"4":{"loc":{"start":{"line":37,"column":32},"end":{"line":37,"column":80}},"type":"binary-expr","locations":[{"start":{"line":37,"column":32},"end":{"line":37,"column":72}},{"start":{"line":37,"column":76},"end":{"line":37,"column":80}}],"line":37},"5":{"loc":{"start":{"line":39,"column":4},"end":{"line":42,"column":null}},"type":"if","locations":[{"start":{"line":39,"column":4},"end":{"line":42,"column":null}},{"start":{},"end":{}}],"line":39},"6":{"loc":{"start":{"line":58,"column":4},"end":{"line":58,"column":null}},"type":"if","locations":[{"start":{"line":58,"column":4},"end":{"line":58,"column":null}},{"start":{},"end":{}}],"line":58},"7":{"loc":{"start":{"line":59,"column":4},"end":{"line":59,"column":null}},"type":"if","locations":[{"start":{"line":59,"column":4},"end":{"line":59,"column":null}},{"start":{},"end":{}}],"line":59},"8":{"loc":{"start":{"line":60,"column":4},"end":{"line":60,"column":null}},"type":"if","locations":[{"start":{"line":60,"column":4},"end":{"line":60,"column":null}},{"start":{},"end":{}}],"line":60},"9":{"loc":{"start":{"line":66,"column":4},"end":{"line":66,"column":null}},"type":"if","locations":[{"start":{"line":66,"column":4},"end":{"line":66,"column":null}},{"start":{},"end":{}}],"line":66},"10":{"loc":{"start":{"line":67,"column":4},"end":{"line":67,"column":null}},"type":"if","locations":[{"start":{"line":67,"column":4},"end":{"line":67,"column":null}},{"start":{},"end":{}}],"line":67},"11":{"loc":{"start":{"line":68,"column":4},"end":{"line":68,"column":null}},"type":"if","locations":[{"start":{"line":68,"column":4},"end":{"line":68,"column":null}},{"start":{},"end":{}}],"line":68},"12":{"loc":{"start":{"line":73,"column":4},"end":{"line":73,"column":null}},"type":"if","locations":[{"start":{"line":73,"column":4},"end":{"line":73,"column":null}},{"start":{},"end":{}}],"line":73},"13":{"loc":{"start":{"line":74,"column":4},"end":{"line":74,"column":null}},"type":"if","locations":[{"start":{"line":74,"column":4},"end":{"line":74,"column":null}},{"start":{},"end":{}}],"line":74},"14":{"loc":{"start":{"line":75,"column":4},"end":{"line":75,"column":null}},"type":"if","locations":[{"start":{"line":75,"column":4},"end":{"line":75,"column":null}},{"start":{},"end":{}}],"line":75},"15":{"loc":{"start":{"line":81,"column":4},"end":{"line":81,"column":null}},"type":"if","locations":[{"start":{"line":81,"column":4},"end":{"line":81,"column":null}},{"start":{},"end":{}}],"line":81},"16":{"loc":{"start":{"line":84,"column":36},"end":{"line":84,"column":86}},"type":"binary-expr","locations":[{"start":{"line":84,"column":36},"end":{"line":84,"column":78}},{"start":{"line":84,"column":82},"end":{"line":84,"column":86}}],"line":84},"17":{"loc":{"start":{"line":85,"column":29},"end":{"line":85,"column":72}},"type":"binary-expr","locations":[{"start":{"line":85,"column":29},"end":{"line":85,"column":66}},{"start":{"line":85,"column":70},"end":{"line":85,"column":72}}],"line":85},"18":{"loc":{"start":{"line":89,"column":6},"end":{"line":92,"column":null}},"type":"if","locations":[{"start":{"line":89,"column":6},"end":{"line":92,"column":null}},{"start":{},"end":{}}],"line":89},"19":{"loc":{"start":{"line":110,"column":17},"end":{"line":110,"column":43}},"type":"binary-expr","locations":[{"start":{"line":110,"column":17},"end":{"line":110,"column":31}},{"start":{"line":110,"column":35},"end":{"line":110,"column":43}}],"line":110},"20":{"loc":{"start":{"line":123,"column":4},"end":{"line":126,"column":null}},"type":"if","locations":[{"start":{"line":123,"column":4},"end":{"line":126,"column":null}},{"start":{},"end":{}}],"line":123},"21":{"loc":{"start":{"line":132,"column":4},"end":{"line":132,"column":null}},"type":"if","locations":[{"start":{"line":132,"column":4},"end":{"line":132,"column":null}},{"start":{},"end":{}}],"line":132},"22":{"loc":{"start":{"line":134,"column":34},"end":{"line":134,"column":84}},"type":"binary-expr","locations":[{"start":{"line":134,"column":34},"end":{"line":134,"column":76}},{"start":{"line":134,"column":80},"end":{"line":134,"column":84}}],"line":134},"23":{"loc":{"start":{"line":135,"column":27},"end":{"line":135,"column":70}},"type":"binary-expr","locations":[{"start":{"line":135,"column":27},"end":{"line":135,"column":64}},{"start":{"line":135,"column":68},"end":{"line":135,"column":70}}],"line":135},"24":{"loc":{"start":{"line":137,"column":4},"end":{"line":140,"column":null}},"type":"if","locations":[{"start":{"line":137,"column":4},"end":{"line":140,"column":null}},{"start":{},"end":{}}],"line":137},"25":{"loc":{"start":{"line":169,"column":4},"end":{"line":172,"column":null}},"type":"if","locations":[{"start":{"line":169,"column":4},"end":{"line":172,"column":null}},{"start":{},"end":{}}],"line":169},"26":{"loc":{"start":{"line":176,"column":4},"end":{"line":176,"column":null}},"type":"if","locations":[{"start":{"line":176,"column":4},"end":{"line":176,"column":null}},{"start":{},"end":{}}],"line":176},"27":{"loc":{"start":{"line":177,"column":4},"end":{"line":177,"column":null}},"type":"if","locations":[{"start":{"line":177,"column":4},"end":{"line":177,"column":null}},{"start":{},"end":{}}],"line":177},"28":{"loc":{"start":{"line":181,"column":11},"end":{"line":186,"column":25}},"type":"cond-expr","locations":[{"start":{"line":186,"column":13},"end":{"line":186,"column":17}},{"start":{"line":186,"column":20},"end":{"line":186,"column":25}}],"line":181},"29":{"loc":{"start":{"line":181,"column":11},"end":{"line":185,"column":null}},"type":"binary-expr","locations":[{"start":{"line":181,"column":11},"end":{"line":181,"column":20}},{"start":{"line":182,"column":11},"end":{"line":182,"column":40}},{"start":{"line":183,"column":11},"end":{"line":183,"column":45}},{"start":{"line":184,"column":11},"end":{"line":184,"column":43}},{"start":{"line":185,"column":11},"end":{"line":185,"column":null}}],"line":181},"30":{"loc":{"start":{"line":190,"column":4},"end":{"line":190,"column":null}},"type":"if","locations":[{"start":{"line":190,"column":4},"end":{"line":190,"column":null}},{"start":{},"end":{}}],"line":190},"31":{"loc":{"start":{"line":192,"column":34},"end":{"line":192,"column":84}},"type":"binary-expr","locations":[{"start":{"line":192,"column":34},"end":{"line":192,"column":76}},{"start":{"line":192,"column":80},"end":{"line":192,"column":84}}],"line":192},"32":{"loc":{"start":{"line":193,"column":27},"end":{"line":193,"column":70}},"type":"binary-expr","locations":[{"start":{"line":193,"column":27},"end":{"line":193,"column":64}},{"start":{"line":193,"column":68},"end":{"line":193,"column":70}}],"line":193},"33":{"loc":{"start":{"line":195,"column":4},"end":{"line":197,"column":null}},"type":"if","locations":[{"start":{"line":195,"column":4},"end":{"line":197,"column":null}},{"start":{},"end":{}}],"line":195},"34":{"loc":{"start":{"line":202,"column":13},"end":{"line":202,"column":37}},"type":"binary-expr","locations":[{"start":{"line":202,"column":13},"end":{"line":202,"column":32}},{"start":{"line":202,"column":36},"end":{"line":202,"column":37}}],"line":202},"35":{"loc":{"start":{"line":203,"column":10},"end":{"line":203,"column":33}},"type":"binary-expr","locations":[{"start":{"line":203,"column":10},"end":{"line":203,"column":26}},{"start":{"line":203,"column":30},"end":{"line":203,"column":33}}],"line":203},"36":{"loc":{"start":{"line":204,"column":13},"end":{"line":204,"column":39}},"type":"binary-expr","locations":[{"start":{"line":204,"column":13},"end":{"line":204,"column":32}},{"start":{"line":204,"column":36},"end":{"line":204,"column":39}}],"line":204},"37":{"loc":{"start":{"line":224,"column":11},"end":{"line":224,"column":41}},"type":"binary-expr","locations":[{"start":{"line":224,"column":11},"end":{"line":224,"column":22}},{"start":{"line":224,"column":26},"end":{"line":224,"column":41}}],"line":224},"38":{"loc":{"start":{"line":230,"column":4},"end":{"line":233,"column":null}},"type":"if","locations":[{"start":{"line":230,"column":4},"end":{"line":233,"column":null}},{"start":{},"end":{}}],"line":230},"39":{"loc":{"start":{"line":237,"column":4},"end":{"line":237,"column":null}},"type":"if","locations":[{"start":{"line":237,"column":4},"end":{"line":237,"column":null}},{"start":{},"end":{}}],"line":237},"40":{"loc":{"start":{"line":237,"column":8},"end":{"line":237,"column":54}},"type":"binary-expr","locations":[{"start":{"line":237,"column":8},"end":{"line":237,"column":27}},{"start":{"line":237,"column":31},"end":{"line":237,"column":54}}],"line":237},"41":{"loc":{"start":{"line":240,"column":25},"end":{"line":240,"column":50}},"type":"binary-expr","locations":[{"start":{"line":240,"column":25},"end":{"line":240,"column":43}},{"start":{"line":240,"column":47},"end":{"line":240,"column":50}}],"line":240},"42":{"loc":{"start":{"line":243,"column":11},"end":{"line":243,"column":51}},"type":"cond-expr","locations":[{"start":{"line":243,"column":23},"end":{"line":243,"column":47}},{"start":{"line":243,"column":50},"end":{"line":243,"column":51}}],"line":243},"43":{"loc":{"start":{"line":247,"column":4},"end":{"line":247,"column":null}},"type":"if","locations":[{"start":{"line":247,"column":4},"end":{"line":247,"column":null}},{"start":{},"end":{}}],"line":247},"44":{"loc":{"start":{"line":255,"column":4},"end":{"line":257,"column":null}},"type":"if","locations":[{"start":{"line":255,"column":4},"end":{"line":257,"column":null}},{"start":{},"end":{}}],"line":255},"45":{"loc":{"start":{"line":258,"column":4},"end":{"line":260,"column":null}},"type":"if","locations":[{"start":{"line":258,"column":4},"end":{"line":260,"column":null}},{"start":{},"end":{}}],"line":258},"46":{"loc":{"start":{"line":261,"column":4},"end":{"line":263,"column":null}},"type":"if","locations":[{"start":{"line":261,"column":4},"end":{"line":263,"column":null}},{"start":{},"end":{}}],"line":261},"47":{"loc":{"start":{"line":267,"column":4},"end":{"line":269,"column":null}},"type":"if","locations":[{"start":{"line":267,"column":4},"end":{"line":269,"column":null}},{"start":{},"end":{}}],"line":267},"48":{"loc":{"start":{"line":280,"column":4},"end":{"line":280,"column":null}},"type":"if","locations":[{"start":{"line":280,"column":4},"end":{"line":280,"column":null}},{"start":{},"end":{}}],"line":280},"49":{"loc":{"start":{"line":281,"column":4},"end":{"line":281,"column":null}},"type":"if","locations":[{"start":{"line":281,"column":4},"end":{"line":281,"column":null}},{"start":{},"end":{}}],"line":281},"50":{"loc":{"start":{"line":282,"column":4},"end":{"line":282,"column":null}},"type":"if","locations":[{"start":{"line":282,"column":4},"end":{"line":282,"column":null}},{"start":{},"end":{}}],"line":282},"51":{"loc":{"start":{"line":283,"column":4},"end":{"line":283,"column":null}},"type":"if","locations":[{"start":{"line":283,"column":4},"end":{"line":283,"column":null}},{"start":{},"end":{}}],"line":283},"52":{"loc":{"start":{"line":284,"column":4},"end":{"line":284,"column":null}},"type":"if","locations":[{"start":{"line":284,"column":4},"end":{"line":284,"column":null}},{"start":{},"end":{}}],"line":284},"53":{"loc":{"start":{"line":285,"column":4},"end":{"line":285,"column":null}},"type":"if","locations":[{"start":{"line":285,"column":4},"end":{"line":285,"column":null}},{"start":{},"end":{}}],"line":285},"54":{"loc":{"start":{"line":289,"column":4},"end":{"line":292,"column":null}},"type":"if","locations":[{"start":{"line":289,"column":4},"end":{"line":292,"column":null}},{"start":{},"end":{}}],"line":289},"55":{"loc":{"start":{"line":297,"column":0},"end":{"line":301,"column":null}},"type":"if","locations":[{"start":{"line":297,"column":0},"end":{"line":301,"column":null}},{"start":{"line":299,"column":7},"end":{"line":301,"column":null}}],"line":297},"56":{"loc":{"start":{"line":297,"column":4},"end":{"line":297,"column":51}},"type":"binary-expr","locations":[{"start":{"line":297,"column":4},"end":{"line":297,"column":33}},{"start":{"line":297,"column":37},"end":{"line":297,"column":51}}],"line":297},"57":{"loc":{"start":{"line":299,"column":7},"end":{"line":301,"column":null}},"type":"if","locations":[{"start":{"line":299,"column":7},"end":{"line":301,"column":null}},{"start":{},"end":{}}],"line":299}},"s":{"0":0,"1":0,"2":0,"3":0,"4":0,"5":0,"6":0,"7":0,"8":0,"9":0,"10":0,"11":0,"12":0,"13":0,"14":0,"15":0,"16":0,"17":0,"18":0,"19":0,"20":0,"21":0,"22":0,"23":0,"24":0,"25":0,"26":0,"27":0,"28":0,"29":0,"30":0,"31":0,"32":0,"33":0,"34":0,"35":0,"36":0,"37":0,"38":0,"39":0,"40":0,"41":0,"42":0,"43":0,"44":0,"45":0,"46":0,"47":0,"48":0,"49":0,"50":0,"51":0,"52":0,"53":0,"54":0,"55":0,"56":0,"57":0,"58":0,"59":0,"60":0,"61":0,"62":0,"63":0,"64":0,"65":0,"66":0,"67":0,"68":0,"69":0,"70":0,"71":0,"72":0,"73":0,"74":0,"75":0,"76":0,"77":0,"78":0,"79":0,"80":0,"81":0,"82":0,"83":0,"84":0,"85":0,"86":0,"87":0,"88":0,"89":0,"90":0,"91":0,"92":0,"93":0,"94":0,"95":0,"96":0,"97":0,"98":0,"99":0,"100":0,"101":0,"102":0,"103":0,"104":0,"105":0,"106":0,"107":0,"108":0,"109":0,"110":0,"111":0,"112":0,"113":0,"114":0,"115":0,"116":0,"117":0,"118":0,"119":0,"120":0,"121":0,"122":0,"123":0,"124":0,"125":0,"126":0,"127":0,"128":0,"129":0,"130":0,"131":0,"132":0,"133":0,"134":0,"135":0,"136":0,"137":0,"138":0,"139":0,"140":0,"141":0,"142":0,"143":0,"144":0,"145":0,"146":0,"147":0,"148":0,"149":0,"150":0,"151":0,"152":0,"153":0,"154":0},"f":{"0":0,"1":0,"2":0,"3":0,"4":0,"5":0,"6":0,"7":0,"8":0,"9":0,"10":0,"11":0,"12":0,"13":0,"14":0,"15":0,"16":0,"17":0,"18":0,"19":0,"20":0,"21":0,"22":0,"23":0,"24":0,"25":0,"26":0,"27":0,"28":0},"b":{"0":[0,0],"1":[0,0],"2":[0,0],"3":[0,0],"4":[0,0],"5":[0,0],"6":[0,0],"7":[0,0],"8":[0,0],"9":[0,0],"10":[0,0],"11":[0,0],"12":[0,0],"13":[0,0],"14":[0,0],"15":[0,0],"16":[0,0],"17":[0,0],"18":[0,0],"19":[0,0],"20":[0,0],"21":[0,0],"22":[0,0],"23":[0,0],"24":[0,0],"25":[0,0],"26":[0,0],"27":[0,0],"28":[0,0],"29":[0,0,0,0,0],"30":[0,0],"31":[0,0],"32":[0,0],"33":[0,0],"34":[0,0],"35":[0,0],"36":[0,0],"37":[0,0],"38":[0,0],"39":[0,0],"40":[0,0],"41":[0,0],"42":[0,0],"43":[0,0],"44":[0,0],"45":[0,0],"46":[0,0],"47":[0,0],"48":[0,0],"49":[0,0],"50":[0,0],"51":[0,0],"52":[0,0],"53":[0,0],"54":[0,0],"55":[0,0],"56":[0,0],"57":[0,0]},"meta":{"lastBranch":58,"lastFunction":29,"lastStatement":155,"seen":{"f:3:2:3:13":0,"s:4:4:4:Infinity":0,"s:5:4:5:Infinity":1,"s:6:4:6:Infinity":2,"f:9:2:9:7":1,"s:10:21:10:49":3,"s:11:21:11:49":4,"b:13:4:16:Infinity:undefined:undefined:undefined:undefined":0,"s:13:4:16:Infinity":5,"s:14:6:14:Infinity":6,"s:15:6:15:Infinity":7,"s:18:21:18:81":8,"b:18:32:18:72:18:76:18:80":1,"b:20:4:25:Infinity:23:11:25:Infinity":2,"s:20:4:25:Infinity":9,"s:21:6:21:Infinity":10,"s:22:6:22:Infinity":11,"s:24:6:24:Infinity":12,"f:28:2:28:15":2,"s:29:21:29:49":13,"s:30:21:30:49":14,"b:32:4:35:Infinity:undefined:undefined:undefined:undefined":3,"s:32:4:35:Infinity":15,"s:33:6:33:Infinity":16,"s:34:6:34:Infinity":17,"s:37:21:37:81":18,"b:37:32:37:72:37:76:37:80":4,"b:39:4:42:Infinity:undefined:undefined:undefined:undefined":5,"s:39:4:42:Infinity":19,"s:40:6:40:Infinity":20,"s:41:6:41:Infinity":21,"s:44:17:49:5":22,"s:51:4:51:Infinity":23,"s:52:4:52:Infinity":24,"s:54:4:54:Infinity":25,"f:57:2:57:15":3,"b:58:4:58:Infinity:undefined:undefined:undefined:undefined":6,"s:58:4:58:Infinity":26,"s:58:26:58:Infinity":27,"b:59:4:59:Infinity:undefined:undefined:undefined:undefined":7,"s:59:4:59:Infinity":28,"s:59:30:59:Infinity":29,"b:60:4:60:Infinity:undefined:undefined:undefined:undefined":8,"s:60:4:60:Infinity":30,"s:60:25:60:Infinity":31,"s:61:4:61:Infinity":32,"s:62:4:62:Infinity":33,"f:65:2:65:11":4,"b:66:4:66:Infinity:undefined:undefined:undefined:undefined":9,"s:66:4:66:Infinity":34,"s:66:26:66:Infinity":35,"b:67:4:67:Infinity:undefined:undefined:undefined:undefined":10,"s:67:4:67:Infinity":36,"s:67:30:67:Infinity":37,"b:68:4:68:Infinity:undefined:undefined:undefined:undefined":11,"s:68:4:68:Infinity":38,"s:68:25:68:Infinity":39,"s:69:4:69:Infinity":40,"f:72:2:72:10":5,"b:73:4:73:Infinity:undefined:undefined:undefined:undefined":12,"s:73:4:73:Infinity":41,"s:73:26:73:Infinity":42,"b:74:4:74:Infinity:undefined:undefined:undefined:undefined":13,"s:74:4:74:Infinity":43,"s:74:30:74:Infinity":44,"b:75:4:75:Infinity:undefined:undefined:undefined:undefined":14,"s:75:4:75:Infinity":45,"s:75:25:75:Infinity":46,"s:76:4:76:Infinity":47,"s:77:4:77:Infinity":48,"f:80:2:80:16":6,"b:81:4:81:Infinity:undefined:undefined:undefined:undefined":15,"s:81:4:81:Infinity":49,"s:81:27:81:Infinity":50,"s:83:4:100:Infinity":51,"s:84:25:84:87":52,"b:84:36:84:78:84:82:84:86":16,"s:85:29:85:72":53,"b:85:29:85:66:85:70:85:72":17,"s:87:6:87:Infinity":54,"b:89:6:92:Infinity:undefined:undefined:undefined:undefined":18,"s:89:6:92:Infinity":55,"s:90:8:90:Infinity":56,"s:91:8:91:Infinity":57,"s:94:6:97:Infinity":58,"f:94:29:94:38":7,"s:95:21:95:56":59,"s:96:8:96:Infinity":60,"s:99:6:99:Infinity":61,"f:103:2:103:21":8,"s:104:17:104:46":62,"s:105:4:105:Infinity":63,"s:106:4:112:Infinity":64,"b:110:17:110:31:110:35:110:43":19,"s:114:4:117:Infinity":65,"f:114:35:114:36":9,"s:115:6:115:Infinity":66,"s:116:6:116:Infinity":67,"s:119:4:119:Infinity":68,"f:122:2:122:12":10,"b:123:4:126:Infinity:undefined:undefined:undefined:undefined":20,"s:123:4:126:Infinity":69,"s:124:6:124:Infinity":70,"s:125:6:125:Infinity":71,"s:128:4:128:Infinity":72,"f:131:2:131:17":11,"b:132:4:132:Infinity:undefined:undefined:undefined:undefined":21,"s:132:4:132:Infinity":73,"s:132:27:132:Infinity":74,"s:134:23:134:85":75,"b:134:34:134:76:134:80:134:84":22,"s:135:27:135:70":76,"b:135:27:135:64:135:68:135:70":23,"b:137:4:140:Infinity:undefined:undefined:undefined:undefined":24,"s:137:4:140:Infinity":77,"s:138:6:138:Infinity":78,"s:139:6:139:Infinity":79,"s:142:22:153:5":80,"s:155:4:155:Infinity":81,"s:156:4:156:Infinity":82,"s:157:4:157:Infinity":83,"s:159:4:159:Infinity":84,"s:160:4:160:Infinity":85,"f:163:2:163:11":12,"s:164:4:164:Infinity":86,"f:167:2:167:13":13,"s:168:20:168:54":87,"b:169:4:172:Infinity:undefined:undefined:undefined:undefined":25,"s:169:4:172:Infinity":88,"s:170:6:170:Infinity":89,"s:171:6:171:Infinity":90,"f:175:2:175:15":14,"b:176:4:176:Infinity:undefined:undefined:undefined:undefined":26,"s:176:4:176:Infinity":91,"s:176:27:176:Infinity":92,"b:177:4:177:Infinity:undefined:undefined:undefined:undefined":27,"s:177:4:177:Infinity":93,"s:177:31:177:Infinity":94,"f:180:2:180:19":15,"s:181:4:186:Infinity":95,"b:186:13:186:17:186:20:186:25":28,"b:181:11:181:20:182:11:182:40:183:11:183:45:184:11:184:43:185:11:185:Infinity":29,"f:189:2:189:15":16,"b:190:4:190:Infinity:undefined:undefined:undefined:undefined":30,"s:190:4:190:Infinity":96,"s:190:27:190:Infinity":97,"s:192:23:192:85":98,"b:192:34:192:76:192:80:192:84":31,"s:193:27:193:70":99,"b:193:27:193:64:193:68:193:70":32,"b:195:4:197:Infinity:undefined:undefined:undefined:undefined":33,"s:195:4:197:Infinity":100,"s:196:6:196:Infinity":101,"s:199:22:206:5":102,"b:202:13:202:32:202:36:202:37":34,"b:203:10:203:26:203:30:203:33":35,"b:204:13:204:32:204:36:204:39":36,"s:208:4:208:Infinity":103,"s:209:4:209:Infinity":104,"s:210:4:210:Infinity":105,"s:212:4:212:Infinity":106,"f:215:2:215:13":17,"s:216:18:223:5":107,"s:224:4:224:Infinity":108,"b:224:11:224:22:224:26:224:41":37,"f:227:2:227:15":18,"s:228:16:228:39":109,"b:230:4:233:Infinity:undefined:undefined:undefined:undefined":38,"s:230:4:233:Infinity":110,"s:231:6:231:Infinity":111,"s:232:6:232:Infinity":112,"f:236:2:236:14":19,"b:237:4:237:Infinity:undefined:undefined:undefined:undefined":39,"s:237:4:237:Infinity":113,"b:237:8:237:27:237:31:237:54":40,"s:237:56:237:Infinity":114,"s:239:16:239:40":115,"s:240:18:240:51":116,"b:240:25:240:43:240:47:240:50":41,"s:241:4:241:Infinity":117,"s:243:4:243:Infinity":118,"b:243:23:243:47:243:50:243:51":42,"f:246:2:246:15":20,"b:247:4:247:Infinity:undefined:undefined:undefined:undefined":43,"s:247:4:247:Infinity":119,"s:247:35:247:Infinity":120,"s:250:4:250:Infinity":121,"f:254:2:254:26":21,"b:255:4:257:Infinity:undefined:undefined:undefined:undefined":44,"s:255:4:257:Infinity":122,"s:256:6:256:Infinity":123,"f:256:46:256:47":22,"s:256:52:256:64":124,"b:258:4:260:Infinity:undefined:undefined:undefined:undefined":45,"s:258:4:260:Infinity":125,"s:259:6:259:Infinity":126,"f:259:54:259:55":23,"s:259:60:259:80":127,"b:261:4:263:Infinity:undefined:undefined:undefined:undefined":46,"s:261:4:263:Infinity":128,"s:262:6:262:Infinity":129,"f:262:51:262:52":24,"s:262:57:262:74":130,"f:266:2:266:23":25,"b:267:4:269:Infinity:undefined:undefined:undefined:undefined":47,"s:267:4:269:Infinity":131,"s:268:6:268:Infinity":132,"f:273:2:273:15":26,"s:274:21:274:72":133,"s:275:21:275:73":134,"s:276:4:276:Infinity":135,"f:279:2:279:11":27,"b:280:4:280:Infinity:undefined:undefined:undefined:undefined":48,"s:280:4:280:Infinity":136,"s:280:25:280:Infinity":137,"b:281:4:281:Infinity:undefined:undefined:undefined:undefined":49,"s:281:4:281:Infinity":138,"s:281:26:281:Infinity":139,"b:282:4:282:Infinity:undefined:undefined:undefined:undefined":50,"s:282:4:282:Infinity":140,"s:282:21:282:Infinity":141,"b:283:4:283:Infinity:undefined:undefined:undefined:undefined":51,"s:283:4:283:Infinity":142,"s:283:27:283:Infinity":143,"b:284:4:284:Infinity:undefined:undefined:undefined:undefined":52,"s:284:4:284:Infinity":144,"s:284:23:284:Infinity":145,"b:285:4:285:Infinity:undefined:undefined:undefined:undefined":53,"s:285:4:285:Infinity":146,"s:285:22:285:Infinity":147,"f:288:2:288:17":28,"b:289:4:292:Infinity:undefined:undefined:undefined:undefined":54,"s:289:4:292:Infinity":148,"s:290:24:290:34":149,"s:291:6:291:Infinity":150,"b:297:0:301:Infinity:299:7:301:Infinity":55,"s:297:0:301:Infinity":151,"b:297:4:297:33:297:37:297:51":56,"s:298:2:298:Infinity":152,"b:299:7:301:Infinity:undefined:undefined:undefined:undefined":57,"s:299:7:301:Infinity":153,"s:300:2:300:Infinity":154}}},"E:\\app e jogos criados\\MMORPG de browser\\src\\GameplayEngine.js":{"path":"E:\\app e jogos criados\\MMORPG de browser\\src\\GameplayEngine.js","statementMap":{"0":{"start":{"line":9,"column":8},"end":{"line":9,"column":null}},"1":{"start":{"line":10,"column":8},"end":{"line":10,"column":null}},"2":{"start":{"line":11,"column":8},"end":{"line":11,"column":null}},"3":{"start":{"line":12,"column":8},"end":{"line":12,"column":null}},"4":{"start":{"line":15,"column":8},"end":{"line":15,"column":null}},"5":{"start":{"line":16,"column":8},"end":{"line":16,"column":null}},"6":{"start":{"line":17,"column":8},"end":{"line":17,"column":null}},"7":{"start":{"line":18,"column":8},"end":{"line":18,"column":null}},"8":{"start":{"line":21,"column":8},"end":{"line":21,"column":null}},"9":{"start":{"line":22,"column":8},"end":{"line":22,"column":null}},"10":{"start":{"line":23,"column":8},"end":{"line":23,"column":null}},"11":{"start":{"line":24,"column":8},"end":{"line":24,"column":null}},"12":{"start":{"line":27,"column":8},"end":{"line":32,"column":null}},"13":{"start":{"line":35,"column":8},"end":{"line":69,"column":null}},"14":{"start":{"line":39,"column":20},"end":{"line":39,"column":null}},"15":{"start":{"line":40,"column":20},"end":{"line":40,"column":null}},"16":{"start":{"line":43,"column":20},"end":{"line":43,"column":null}},"17":{"start":{"line":44,"column":20},"end":{"line":44,"column":null}},"18":{"start":{"line":45,"column":20},"end":{"line":45,"column":null}},"19":{"start":{"line":48,"column":20},"end":{"line":48,"column":null}},"20":{"start":{"line":49,"column":20},"end":{"line":49,"column":null}},"21":{"start":{"line":55,"column":20},"end":{"line":55,"column":null}},"22":{"start":{"line":56,"column":20},"end":{"line":56,"column":null}},"23":{"start":{"line":59,"column":20},"end":{"line":59,"column":null}},"24":{"start":{"line":60,"column":20},"end":{"line":60,"column":null}},"25":{"start":{"line":61,"column":20},"end":{"line":61,"column":null}},"26":{"start":{"line":64,"column":20},"end":{"line":64,"column":null}},"27":{"start":{"line":65,"column":20},"end":{"line":65,"column":null}},"28":{"start":{"line":66,"column":20},"end":{"line":66,"column":null}},"29":{"start":{"line":71,"column":8},"end":{"line":71,"column":null}},"30":{"start":{"line":75,"column":8},"end":{"line":75,"column":null}},"31":{"start":{"line":76,"column":8},"end":{"line":76,"column":null}},"32":{"start":{"line":81,"column":8},"end":{"line":91,"column":null}},"33":{"start":{"line":82,"column":12},"end":{"line":85,"column":null}},"34":{"start":{"line":83,"column":16},"end":{"line":83,"column":null}},"35":{"start":{"line":84,"column":16},"end":{"line":84,"column":null}},"36":{"start":{"line":87,"column":12},"end":{"line":90,"column":null}},"37":{"start":{"line":88,"column":16},"end":{"line":88,"column":null}},"38":{"start":{"line":89,"column":16},"end":{"line":89,"column":null}},"39":{"start":{"line":94,"column":8},"end":{"line":98,"column":null}},"40":{"start":{"line":95,"column":12},"end":{"line":97,"column":null}},"41":{"start":{"line":96,"column":16},"end":{"line":96,"column":null}},"42":{"start":{"line":102,"column":8},"end":{"line":102,"column":null}},"43":{"start":{"line":105,"column":8},"end":{"line":110,"column":null}},"44":{"start":{"line":106,"column":12},"end":{"line":106,"column":null}},"45":{"start":{"line":107,"column":12},"end":{"line":107,"column":null}},"46":{"start":{"line":108,"column":12},"end":{"line":108,"column":null}},"47":{"start":{"line":109,"column":12},"end":{"line":109,"column":null}},"48":{"start":{"line":112,"column":8},"end":{"line":115,"column":null}},"49":{"start":{"line":113,"column":12},"end":{"line":113,"column":null}},"50":{"start":{"line":114,"column":12},"end":{"line":114,"column":null}},"51":{"start":{"line":118,"column":8},"end":{"line":118,"column":null}},"52":{"start":{"line":121,"column":8},"end":{"line":127,"column":null}},"53":{"start":{"line":130,"column":8},"end":{"line":130,"column":null}},"54":{"start":{"line":133,"column":8},"end":{"line":133,"column":null}},"55":{"start":{"line":134,"column":8},"end":{"line":134,"column":null}},"56":{"start":{"line":135,"column":8},"end":{"line":135,"column":null}},"57":{"start":{"line":137,"column":8},"end":{"line":137,"column":null}},"58":{"start":{"line":141,"column":8},"end":{"line":141,"column":null}},"59":{"start":{"line":141,"column":26},"end":{"line":141,"column":null}},"60":{"start":{"line":143,"column":8},"end":{"line":146,"column":null}},"61":{"start":{"line":144,"column":12},"end":{"line":144,"column":null}},"62":{"start":{"line":145,"column":12},"end":{"line":145,"column":null}},"63":{"start":{"line":149,"column":8},"end":{"line":152,"column":null}},"64":{"start":{"line":150,"column":12},"end":{"line":150,"column":null}},"65":{"start":{"line":151,"column":12},"end":{"line":151,"column":null}},"66":{"start":{"line":156,"column":8},"end":{"line":156,"column":null}},"67":{"start":{"line":157,"column":8},"end":{"line":170,"column":null}},"68":{"start":{"line":157,"column":21},"end":{"line":157,"column":22}},"69":{"start":{"line":158,"column":12},"end":{"line":169,"column":null}},"70":{"start":{"line":174,"column":8},"end":{"line":174,"column":null}},"71":{"start":{"line":174,"column":29},"end":{"line":174,"column":null}},"72":{"start":{"line":177,"column":26},"end":{"line":177,"column":77}},"73":{"start":{"line":178,"column":8},"end":{"line":178,"column":null}},"74":{"start":{"line":181,"column":8},"end":{"line":181,"column":null}},"75":{"start":{"line":184,"column":8},"end":{"line":184,"column":null}},"76":{"start":{"line":187,"column":8},"end":{"line":187,"column":null}},"77":{"start":{"line":190,"column":8},"end":{"line":190,"column":null}},"78":{"start":{"line":193,"column":8},"end":{"line":195,"column":null}},"79":{"start":{"line":194,"column":12},"end":{"line":194,"column":null}},"80":{"start":{"line":194,"column":44},"end":{"line":194,"column":63}},"81":{"start":{"line":199,"column":8},"end":{"line":199,"column":null}},"82":{"start":{"line":199,"column":26},"end":{"line":199,"column":null}},"83":{"start":{"line":202,"column":8},"end":{"line":202,"column":null}},"84":{"start":{"line":205,"column":8},"end":{"line":205,"column":null}},"85":{"start":{"line":208,"column":8},"end":{"line":208,"column":null}},"86":{"start":{"line":211,"column":8},"end":{"line":211,"column":null}},"87":{"start":{"line":215,"column":22},"end":{"line":215,"column":73}},"88":{"start":{"line":216,"column":22},"end":{"line":216,"column":73}},"89":{"start":{"line":218,"column":8},"end":{"line":230,"column":null}},"90":{"start":{"line":220,"column":30},"end":{"line":220,"column":70}},"91":{"start":{"line":221,"column":32},"end":{"line":221,"column":83}},"92":{"start":{"line":222,"column":32},"end":{"line":222,"column":83}},"93":{"start":{"line":224,"column":25},"end":{"line":224,"column":52}},"94":{"start":{"line":225,"column":25},"end":{"line":225,"column":52}},"95":{"start":{"line":228,"column":12},"end":{"line":228,"column":null}},"96":{"start":{"line":229,"column":12},"end":{"line":229,"column":null}},"97":{"start":{"line":234,"column":8},"end":{"line":244,"column":null}},"98":{"start":{"line":235,"column":12},"end":{"line":235,"column":35}},"99":{"start":{"line":238,"column":12},"end":{"line":243,"column":null}},"100":{"start":{"line":239,"column":29},"end":{"line":239,"column":111}},"101":{"start":{"line":240,"column":16},"end":{"line":242,"column":null}},"102":{"start":{"line":241,"column":20},"end":{"line":241,"column":null}},"103":{"start":{"line":248,"column":8},"end":{"line":248,"column":null}},"104":{"start":{"line":249,"column":8},"end":{"line":249,"column":null}},"105":{"start":{"line":251,"column":8},"end":{"line":255,"column":null}},"106":{"start":{"line":253,"column":12},"end":{"line":253,"column":null}},"107":{"start":{"line":254,"column":12},"end":{"line":254,"column":null}},"108":{"start":{"line":259,"column":8},"end":{"line":259,"column":null}},"109":{"start":{"line":260,"column":8},"end":{"line":260,"column":null}},"110":{"start":{"line":261,"column":8},"end":{"line":261,"column":null}},"111":{"start":{"line":265,"column":8},"end":{"line":287,"column":null}},"112":{"start":{"line":267,"column":12},"end":{"line":269,"column":null}},"113":{"start":{"line":268,"column":16},"end":{"line":268,"column":null}},"114":{"start":{"line":272,"column":29},"end":{"line":272,"column":76}},"115":{"start":{"line":273,"column":29},"end":{"line":273,"column":76}},"116":{"start":{"line":275,"column":12},"end":{"line":275,"column":null}},"117":{"start":{"line":276,"column":12},"end":{"line":276,"column":null}},"118":{"start":{"line":279,"column":12},"end":{"line":282,"column":null}},"119":{"start":{"line":280,"column":16},"end":{"line":280,"column":null}},"120":{"start":{"line":281,"column":16},"end":{"line":281,"column":null}},"121":{"start":{"line":283,"column":12},"end":{"line":286,"column":null}},"122":{"start":{"line":284,"column":16},"end":{"line":284,"column":null}},"123":{"start":{"line":285,"column":16},"end":{"line":285,"column":null}},"124":{"start":{"line":291,"column":8},"end":{"line":297,"column":null}},"125":{"start":{"line":292,"column":25},"end":{"line":292,"column":107}},"126":{"start":{"line":293,"column":12},"end":{"line":296,"column":null}},"127":{"start":{"line":301,"column":8},"end":{"line":301,"column":null}},"128":{"start":{"line":301,"column":39},"end":{"line":301,"column":null}},"129":{"start":{"line":304,"column":8},"end":{"line":304,"column":null}},"130":{"start":{"line":305,"column":8},"end":{"line":305,"column":null}},"131":{"start":{"line":308,"column":8},"end":{"line":308,"column":null}},"132":{"start":{"line":311,"column":8},"end":{"line":314,"column":null}},"133":{"start":{"line":312,"column":12},"end":{"line":312,"column":null}},"134":{"start":{"line":313,"column":12},"end":{"line":313,"column":null}},"135":{"start":{"line":317,"column":8},"end":{"line":317,"column":null}},"136":{"start":{"line":318,"column":8},"end":{"line":318,"column":null}},"137":{"start":{"line":321,"column":8},"end":{"line":321,"column":null}},"138":{"start":{"line":325,"column":8},"end":{"line":325,"column":null}},"139":{"start":{"line":326,"column":8},"end":{"line":326,"column":null}},"140":{"start":{"line":328,"column":8},"end":{"line":333,"column":null}},"141":{"start":{"line":328,"column":21},"end":{"line":328,"column":22}},"142":{"start":{"line":329,"column":12},"end":{"line":329,"column":null}},"143":{"start":{"line":330,"column":12},"end":{"line":330,"column":null}},"144":{"start":{"line":331,"column":12},"end":{"line":331,"column":null}},"145":{"start":{"line":332,"column":12},"end":{"line":332,"column":null}},"146":{"start":{"line":335,"column":8},"end":{"line":340,"column":null}},"147":{"start":{"line":335,"column":21},"end":{"line":335,"column":22}},"148":{"start":{"line":336,"column":12},"end":{"line":336,"column":null}},"149":{"start":{"line":337,"column":12},"end":{"line":337,"column":null}},"150":{"start":{"line":338,"column":12},"end":{"line":338,"column":null}},"151":{"start":{"line":339,"column":12},"end":{"line":339,"column":null}},"152":{"start":{"line":345,"column":26},"end":{"line":345,"column":44}},"153":{"start":{"line":346,"column":8},"end":{"line":346,"column":null}},"154":{"start":{"line":347,"column":8},"end":{"line":347,"column":null}},"155":{"start":{"line":348,"column":8},"end":{"line":348,"column":null}},"156":{"start":{"line":349,"column":8},"end":{"line":349,"column":null}},"157":{"start":{"line":352,"column":8},"end":{"line":352,"column":null}},"158":{"start":{"line":353,"column":8},"end":{"line":353,"column":null}},"159":{"start":{"line":354,"column":8},"end":{"line":354,"column":null}},"160":{"start":{"line":355,"column":8},"end":{"line":355,"column":null}},"161":{"start":{"line":360,"column":8},"end":{"line":360,"column":null}},"162":{"start":{"line":361,"column":8},"end":{"line":361,"column":null}},"163":{"start":{"line":362,"column":8},"end":{"line":362,"column":null}},"164":{"start":{"line":363,"column":8},"end":{"line":363,"column":null}},"165":{"start":{"line":367,"column":8},"end":{"line":367,"column":null}},"166":{"start":{"line":367,"column":47},"end":{"line":367,"column":null}},"167":{"start":{"line":369,"column":22},"end":{"line":369,"column":75}},"168":{"start":{"line":372,"column":8},"end":{"line":372,"column":null}},"169":{"start":{"line":373,"column":8},"end":{"line":373,"column":null}},"170":{"start":{"line":376,"column":8},"end":{"line":376,"column":null}},"171":{"start":{"line":377,"column":8},"end":{"line":377,"column":null}},"172":{"start":{"line":379,"column":8},"end":{"line":384,"column":null}},"173":{"start":{"line":379,"column":21},"end":{"line":379,"column":22}},"174":{"start":{"line":380,"column":12},"end":{"line":380,"column":null}},"175":{"start":{"line":381,"column":12},"end":{"line":381,"column":null}},"176":{"start":{"line":382,"column":12},"end":{"line":382,"column":null}},"177":{"start":{"line":383,"column":12},"end":{"line":383,"column":null}},"178":{"start":{"line":386,"column":8},"end":{"line":391,"column":null}},"179":{"start":{"line":386,"column":21},"end":{"line":386,"column":22}},"180":{"start":{"line":387,"column":12},"end":{"line":387,"column":null}},"181":{"start":{"line":388,"column":12},"end":{"line":388,"column":null}},"182":{"start":{"line":389,"column":12},"end":{"line":389,"column":null}},"183":{"start":{"line":390,"column":12},"end":{"line":390,"column":null}},"184":{"start":{"line":394,"column":8},"end":{"line":394,"column":null}},"185":{"start":{"line":395,"column":8},"end":{"line":397,"column":null}},"186":{"start":{"line":396,"column":12},"end":{"line":396,"column":null}},"187":{"start":{"line":400,"column":8},"end":{"line":400,"column":null}},"188":{"start":{"line":401,"column":8},"end":{"line":401,"column":null}},"189":{"start":{"line":405,"column":8},"end":{"line":405,"column":null}},"190":{"start":{"line":405,"column":61},"end":{"line":405,"column":null}},"191":{"start":{"line":408,"column":27},"end":{"line":408,"column":64}},"192":{"start":{"line":409,"column":28},"end":{"line":409,"column":66}},"193":{"start":{"line":410,"column":27},"end":{"line":410,"column":64}},"194":{"start":{"line":411,"column":23},"end":{"line":411,"column":56}},"195":{"start":{"line":412,"column":29},"end":{"line":412,"column":68}},"196":{"start":{"line":413,"column":25},"end":{"line":413,"column":60}},"197":{"start":{"line":414,"column":24},"end":{"line":414,"column":58}},"198":{"start":{"line":416,"column":8},"end":{"line":416,"column":null}},"199":{"start":{"line":416,"column":24},"end":{"line":416,"column":null}},"200":{"start":{"line":417,"column":8},"end":{"line":417,"column":null}},"201":{"start":{"line":417,"column":25},"end":{"line":417,"column":null}},"202":{"start":{"line":418,"column":8},"end":{"line":421,"column":null}},"203":{"start":{"line":419,"column":30},"end":{"line":419,"column":64}},"204":{"start":{"line":420,"column":12},"end":{"line":420,"column":null}},"205":{"start":{"line":422,"column":8},"end":{"line":422,"column":null}},"206":{"start":{"line":422,"column":20},"end":{"line":422,"column":null}},"207":{"start":{"line":423,"column":8},"end":{"line":423,"column":null}},"208":{"start":{"line":423,"column":26},"end":{"line":423,"column":null}},"209":{"start":{"line":424,"column":8},"end":{"line":424,"column":null}},"210":{"start":{"line":424,"column":22},"end":{"line":424,"column":null}},"211":{"start":{"line":425,"column":8},"end":{"line":425,"column":null}},"212":{"start":{"line":425,"column":21},"end":{"line":425,"column":null}},"213":{"start":{"line":429,"column":8},"end":{"line":429,"column":null}},"214":{"start":{"line":430,"column":8},"end":{"line":434,"column":null}},"215":{"start":{"line":431,"column":12},"end":{"line":431,"column":null}},"216":{"start":{"line":432,"column":12},"end":{"line":432,"column":null}},"217":{"start":{"line":433,"column":12},"end":{"line":433,"column":null}},"218":{"start":{"line":439,"column":8},"end":{"line":448,"column":null}},"219":{"start":{"line":440,"column":28},"end":{"line":440,"column":67}},"220":{"start":{"line":441,"column":12},"end":{"line":447,"column":null}},"221":{"start":{"line":442,"column":35},"end":{"line":442,"column":64}},"222":{"start":{"line":443,"column":16},"end":{"line":443,"column":null}},"223":{"start":{"line":444,"column":16},"end":{"line":444,"column":null}},"224":{"start":{"line":445,"column":16},"end":{"line":445,"column":null}},"225":{"start":{"line":446,"column":16},"end":{"line":446,"column":null}},"226":{"start":{"line":452,"column":8},"end":{"line":452,"column":null}},"227":{"start":{"line":453,"column":8},"end":{"line":453,"column":null}},"228":{"start":{"line":458,"column":8},"end":{"line":461,"column":null}},"229":{"start":{"line":465,"column":8},"end":{"line":465,"column":null}},"230":{"start":{"line":469,"column":8},"end":{"line":469,"column":null}},"231":{"start":{"line":473,"column":8},"end":{"line":473,"column":null}},"232":{"start":{"line":478,"column":0},"end":{"line":482,"column":null}},"233":{"start":{"line":479,"column":4},"end":{"line":479,"column":null}},"234":{"start":{"line":480,"column":7},"end":{"line":482,"column":null}},"235":{"start":{"line":481,"column":4},"end":{"line":481,"column":null}}},"fnMap":{"0":{"name":"(anonymous_0)","decl":{"start":{"line":8,"column":4},"end":{"line":8,"column":15}},"loc":{"start":{"line":8,"column":18},"end":{"line":72,"column":null}},"line":8},"1":{"name":"(anonymous_1)","decl":{"start":{"line":37,"column":22},"end":{"line":37,"column":23}},"loc":{"start":{"line":37,"column":38},"end":{"line":50,"column":null}},"line":37},"2":{"name":"(anonymous_2)","decl":{"start":{"line":53,"column":22},"end":{"line":53,"column":23}},"loc":{"start":{"line":53,"column":31},"end":{"line":67,"column":null}},"line":53},"3":{"name":"(anonymous_3)","decl":{"start":{"line":74,"column":4},"end":{"line":74,"column":14}},"loc":{"start":{"line":74,"column":17},"end":{"line":77,"column":null}},"line":74},"4":{"name":"(anonymous_4)","decl":{"start":{"line":79,"column":4},"end":{"line":79,"column":23}},"loc":{"start":{"line":79,"column":26},"end":{"line":99,"column":null}},"line":79},"5":{"name":"(anonymous_5)","decl":{"start":{"line":82,"column":49},"end":{"line":82,"column":50}},"loc":{"start":{"line":82,"column":56},"end":{"line":85,"column":13}},"line":82},"6":{"name":"(anonymous_6)","decl":{"start":{"line":87,"column":47},"end":{"line":87,"column":48}},"loc":{"start":{"line":87,"column":54},"end":{"line":90,"column":13}},"line":87},"7":{"name":"(anonymous_7)","decl":{"start":{"line":95,"column":46},"end":{"line":95,"column":47}},"loc":{"start":{"line":95,"column":52},"end":{"line":97,"column":13}},"line":95},"8":{"name":"(anonymous_8)","decl":{"start":{"line":101,"column":4},"end":{"line":101,"column":13}},"loc":{"start":{"line":101,"column":29},"end":{"line":138,"column":null}},"line":101},"9":{"name":"(anonymous_9)","decl":{"start":{"line":140,"column":4},"end":{"line":140,"column":16}},"loc":{"start":{"line":140,"column":19},"end":{"line":153,"column":null}},"line":140},"10":{"name":"(anonymous_10)","decl":{"start":{"line":155,"column":4},"end":{"line":155,"column":13}},"loc":{"start":{"line":155,"column":16},"end":{"line":171,"column":null}},"line":155},"11":{"name":"(anonymous_11)","decl":{"start":{"line":173,"column":4},"end":{"line":173,"column":12}},"loc":{"start":{"line":173,"column":26},"end":{"line":196,"column":null}},"line":173},"12":{"name":"(anonymous_12)","decl":{"start":{"line":194,"column":34},"end":{"line":194,"column":35}},"loc":{"start":{"line":194,"column":44},"end":{"line":194,"column":63}},"line":194},"13":{"name":"(anonymous_13)","decl":{"start":{"line":198,"column":4},"end":{"line":198,"column":10}},"loc":{"start":{"line":198,"column":22},"end":{"line":212,"column":null}},"line":198},"14":{"name":"(anonymous_14)","decl":{"start":{"line":214,"column":4},"end":{"line":214,"column":24}},"loc":{"start":{"line":214,"column":36},"end":{"line":231,"column":null}},"line":214},"15":{"name":"(anonymous_15)","decl":{"start":{"line":233,"column":4},"end":{"line":233,"column":22}},"loc":{"start":{"line":233,"column":25},"end":{"line":245,"column":null}},"line":233},"16":{"name":"(anonymous_16)","decl":{"start":{"line":238,"column":30},"end":{"line":238,"column":33}},"loc":{"start":{"line":238,"column":37},"end":{"line":243,"column":13}},"line":238},"17":{"name":"(anonymous_17)","decl":{"start":{"line":247,"column":4},"end":{"line":247,"column":13}},"loc":{"start":{"line":247,"column":19},"end":{"line":256,"column":null}},"line":247},"18":{"name":"(anonymous_18)","decl":{"start":{"line":258,"column":4},"end":{"line":258,"column":14}},"loc":{"start":{"line":258,"column":20},"end":{"line":262,"column":null}},"line":258},"19":{"name":"(anonymous_19)","decl":{"start":{"line":264,"column":4},"end":{"line":264,"column":14}},"loc":{"start":{"line":264,"column":26},"end":{"line":288,"column":null}},"line":264},"20":{"name":"(anonymous_20)","decl":{"start":{"line":265,"column":26},"end":{"line":265,"column":29}},"loc":{"start":{"line":265,"column":33},"end":{"line":287,"column":9}},"line":265},"21":{"name":"(anonymous_21)","decl":{"start":{"line":290,"column":4},"end":{"line":290,"column":19}},"loc":{"start":{"line":290,"column":22},"end":{"line":298,"column":null}},"line":290},"22":{"name":"(anonymous_22)","decl":{"start":{"line":291,"column":26},"end":{"line":291,"column":29}},"loc":{"start":{"line":291,"column":33},"end":{"line":297,"column":9}},"line":291},"23":{"name":"(anonymous_23)","decl":{"start":{"line":300,"column":4},"end":{"line":300,"column":10}},"loc":{"start":{"line":300,"column":13},"end":{"line":322,"column":null}},"line":300},"24":{"name":"(anonymous_24)","decl":{"start":{"line":311,"column":26},"end":{"line":311,"column":29}},"loc":{"start":{"line":311,"column":33},"end":{"line":314,"column":9}},"line":311},"25":{"name":"(anonymous_25)","decl":{"start":{"line":324,"column":4},"end":{"line":324,"column":12}},"loc":{"start":{"line":324,"column":15},"end":{"line":341,"column":null}},"line":324},"26":{"name":"(anonymous_26)","decl":{"start":{"line":343,"column":4},"end":{"line":343,"column":14}},"loc":{"start":{"line":343,"column":20},"end":{"line":356,"column":null}},"line":343},"27":{"name":"(anonymous_27)","decl":{"start":{"line":358,"column":4},"end":{"line":358,"column":17}},"loc":{"start":{"line":358,"column":20},"end":{"line":364,"column":null}},"line":358},"28":{"name":"(anonymous_28)","decl":{"start":{"line":366,"column":4},"end":{"line":366,"column":15}},"loc":{"start":{"line":366,"column":18},"end":{"line":402,"column":null}},"line":366},"29":{"name":"(anonymous_29)","decl":{"start":{"line":395,"column":26},"end":{"line":395,"column":29}},"loc":{"start":{"line":395,"column":33},"end":{"line":397,"column":9}},"line":395},"30":{"name":"(anonymous_30)","decl":{"start":{"line":404,"column":4},"end":{"line":404,"column":13}},"loc":{"start":{"line":404,"column":16},"end":{"line":426,"column":null}},"line":404},"31":{"name":"(anonymous_31)","decl":{"start":{"line":428,"column":4},"end":{"line":428,"column":13}},"loc":{"start":{"line":428,"column":27},"end":{"line":435,"column":null}},"line":428},"32":{"name":"(anonymous_32)","decl":{"start":{"line":437,"column":4},"end":{"line":437,"column":18}},"loc":{"start":{"line":437,"column":47},"end":{"line":449,"column":null}},"line":437},"33":{"name":"(anonymous_33)","decl":{"start":{"line":451,"column":4},"end":{"line":451,"column":12}},"loc":{"start":{"line":451,"column":15},"end":{"line":454,"column":null}},"line":451},"34":{"name":"(anonymous_34)","decl":{"start":{"line":457,"column":4},"end":{"line":457,"column":21}},"loc":{"start":{"line":457,"column":24},"end":{"line":462,"column":null}},"line":457},"35":{"name":"(anonymous_35)","decl":{"start":{"line":464,"column":4},"end":{"line":464,"column":15}},"loc":{"start":{"line":464,"column":18},"end":{"line":466,"column":null}},"line":464},"36":{"name":"(anonymous_36)","decl":{"start":{"line":468,"column":4},"end":{"line":468,"column":10}},"loc":{"start":{"line":468,"column":13},"end":{"line":470,"column":null}},"line":468},"37":{"name":"(anonymous_37)","decl":{"start":{"line":472,"column":4},"end":{"line":472,"column":17}},"loc":{"start":{"line":472,"column":20},"end":{"line":474,"column":null}},"line":472}},"branchMap":{"0":{"loc":{"start":{"line":55,"column":41},"end":{"line":55,"column":63}},"type":"binary-expr","locations":[{"start":{"line":55,"column":41},"end":{"line":55,"column":50}},{"start":{"line":55,"column":54},"end":{"line":55,"column":63}}],"line":55},"1":{"loc":{"start":{"line":81,"column":8},"end":{"line":91,"column":null}},"type":"if","locations":[{"start":{"line":81,"column":8},"end":{"line":91,"column":null}},{"start":{},"end":{}}],"line":81},"2":{"loc":{"start":{"line":94,"column":8},"end":{"line":98,"column":null}},"type":"if","locations":[{"start":{"line":94,"column":8},"end":{"line":98,"column":null}},{"start":{},"end":{}}],"line":94},"3":{"loc":{"start":{"line":105,"column":8},"end":{"line":110,"column":null}},"type":"if","locations":[{"start":{"line":105,"column":8},"end":{"line":110,"column":null}},{"start":{},"end":{}}],"line":105},"4":{"loc":{"start":{"line":107,"column":23},"end":{"line":107,"column":72}},"type":"cond-expr","locations":[{"start":{"line":107,"column":37},"end":{"line":107,"column":65}},{"start":{"line":107,"column":68},"end":{"line":107,"column":72}}],"line":107},"5":{"loc":{"start":{"line":109,"column":30},"end":{"line":109,"column":81}},"type":"cond-expr","locations":[{"start":{"line":109,"column":45},"end":{"line":109,"column":74}},{"start":{"line":109,"column":77},"end":{"line":109,"column":81}}],"line":109},"6":{"loc":{"start":{"line":112,"column":8},"end":{"line":115,"column":null}},"type":"if","locations":[{"start":{"line":112,"column":8},"end":{"line":115,"column":null}},{"start":{},"end":{}}],"line":112},"7":{"loc":{"start":{"line":112,"column":12},"end":{"line":112,"column":37}},"type":"binary-expr","locations":[{"start":{"line":112,"column":12},"end":{"line":112,"column":24}},{"start":{"line":112,"column":28},"end":{"line":112,"column":37}}],"line":112},"8":{"loc":{"start":{"line":134,"column":24},"end":{"line":134,"column":91}},"type":"cond-expr","locations":[{"start":{"line":134,"column":61},"end":{"line":134,"column":78}},{"start":{"line":134,"column":81},"end":{"line":134,"column":91}}],"line":134},"9":{"loc":{"start":{"line":141,"column":8},"end":{"line":141,"column":null}},"type":"if","locations":[{"start":{"line":141,"column":8},"end":{"line":141,"column":null}},{"start":{},"end":{}}],"line":141},"10":{"loc":{"start":{"line":143,"column":8},"end":{"line":146,"column":null}},"type":"if","locations":[{"start":{"line":143,"column":8},"end":{"line":146,"column":null}},{"start":{},"end":{}}],"line":143},"11":{"loc":{"start":{"line":149,"column":8},"end":{"line":152,"column":null}},"type":"if","locations":[{"start":{"line":149,"column":8},"end":{"line":152,"column":null}},{"start":{},"end":{}}],"line":149},"12":{"loc":{"start":{"line":174,"column":8},"end":{"line":174,"column":null}},"type":"if","locations":[{"start":{"line":174,"column":8},"end":{"line":174,"column":null}},{"start":{},"end":{}}],"line":174},"13":{"loc":{"start":{"line":193,"column":8},"end":{"line":195,"column":null}},"type":"if","locations":[{"start":{"line":193,"column":8},"end":{"line":195,"column":null}},{"start":{},"end":{}}],"line":193},"14":{"loc":{"start":{"line":193,"column":12},"end":{"line":193,"column":74}},"type":"binary-expr","locations":[{"start":{"line":193,"column":12},"end":{"line":193,"column":26}},{"start":{"line":193,"column":30},"end":{"line":193,"column":74}}],"line":193},"15":{"loc":{"start":{"line":199,"column":8},"end":{"line":199,"column":null}},"type":"if","locations":[{"start":{"line":199,"column":8},"end":{"line":199,"column":null}},{"start":{},"end":{}}],"line":199},"16":{"loc":{"start":{"line":215,"column":23},"end":{"line":215,"column":45}},"type":"cond-expr","locations":[{"start":{"line":215,"column":40},"end":{"line":215,"column":41}},{"start":{"line":215,"column":44},"end":{"line":215,"column":45}}],"line":215},"17":{"loc":{"start":{"line":215,"column":50},"end":{"line":215,"column":72}},"type":"cond-expr","locations":[{"start":{"line":215,"column":67},"end":{"line":215,"column":68}},{"start":{"line":215,"column":71},"end":{"line":215,"column":72}}],"line":215},"18":{"loc":{"start":{"line":216,"column":23},"end":{"line":216,"column":45}},"type":"cond-expr","locations":[{"start":{"line":216,"column":40},"end":{"line":216,"column":41}},{"start":{"line":216,"column":44},"end":{"line":216,"column":45}}],"line":216},"19":{"loc":{"start":{"line":216,"column":50},"end":{"line":216,"column":72}},"type":"cond-expr","locations":[{"start":{"line":216,"column":67},"end":{"line":216,"column":68}},{"start":{"line":216,"column":71},"end":{"line":216,"column":72}}],"line":216},"20":{"loc":{"start":{"line":218,"column":8},"end":{"line":230,"column":null}},"type":"if","locations":[{"start":{"line":218,"column":8},"end":{"line":230,"column":null}},{"start":{},"end":{}}],"line":218},"21":{"loc":{"start":{"line":218,"column":12},"end":{"line":218,"column":38}},"type":"binary-expr","locations":[{"start":{"line":218,"column":12},"end":{"line":218,"column":23}},{"start":{"line":218,"column":27},"end":{"line":218,"column":38}}],"line":218},"22":{"loc":{"start":{"line":234,"column":8},"end":{"line":244,"column":null}},"type":"if","locations":[{"start":{"line":234,"column":8},"end":{"line":244,"column":null}},{"start":{},"end":{}}],"line":234},"23":{"loc":{"start":{"line":240,"column":16},"end":{"line":242,"column":null}},"type":"if","locations":[{"start":{"line":240,"column":16},"end":{"line":242,"column":null}},{"start":{},"end":{}}],"line":240},"24":{"loc":{"start":{"line":251,"column":8},"end":{"line":255,"column":null}},"type":"if","locations":[{"start":{"line":251,"column":8},"end":{"line":255,"column":null}},{"start":{},"end":{}}],"line":251},"25":{"loc":{"start":{"line":267,"column":12},"end":{"line":269,"column":null}},"type":"if","locations":[{"start":{"line":267,"column":12},"end":{"line":269,"column":null}},{"start":{},"end":{}}],"line":267},"26":{"loc":{"start":{"line":279,"column":12},"end":{"line":282,"column":null}},"type":"if","locations":[{"start":{"line":279,"column":12},"end":{"line":282,"column":null}},{"start":{},"end":{}}],"line":279},"27":{"loc":{"start":{"line":279,"column":16},"end":{"line":279,"column":76}},"type":"binary-expr","locations":[{"start":{"line":279,"column":16},"end":{"line":279,"column":34}},{"start":{"line":279,"column":38},"end":{"line":279,"column":76}}],"line":279},"28":{"loc":{"start":{"line":283,"column":12},"end":{"line":286,"column":null}},"type":"if","locations":[{"start":{"line":283,"column":12},"end":{"line":286,"column":null}},{"start":{},"end":{}}],"line":283},"29":{"loc":{"start":{"line":283,"column":16},"end":{"line":283,"column":77}},"type":"binary-expr","locations":[{"start":{"line":283,"column":16},"end":{"line":283,"column":34}},{"start":{"line":283,"column":38},"end":{"line":283,"column":77}}],"line":283},"30":{"loc":{"start":{"line":293,"column":12},"end":{"line":296,"column":null}},"type":"if","locations":[{"start":{"line":293,"column":12},"end":{"line":296,"column":null}},{"start":{},"end":{}}],"line":293},"31":{"loc":{"start":{"line":301,"column":8},"end":{"line":301,"column":null}},"type":"if","locations":[{"start":{"line":301,"column":8},"end":{"line":301,"column":null}},{"start":{},"end":{}}],"line":301},"32":{"loc":{"start":{"line":301,"column":12},"end":{"line":301,"column":37}},"type":"binary-expr","locations":[{"start":{"line":301,"column":12},"end":{"line":301,"column":21}},{"start":{"line":301,"column":25},"end":{"line":301,"column":37}}],"line":301},"33":{"loc":{"start":{"line":367,"column":8},"end":{"line":367,"column":null}},"type":"if","locations":[{"start":{"line":367,"column":8},"end":{"line":367,"column":null}},{"start":{},"end":{}}],"line":367},"34":{"loc":{"start":{"line":367,"column":12},"end":{"line":367,"column":45}},"type":"binary-expr","locations":[{"start":{"line":367,"column":12},"end":{"line":367,"column":28}},{"start":{"line":367,"column":32},"end":{"line":367,"column":45}}],"line":367},"35":{"loc":{"start":{"line":405,"column":8},"end":{"line":405,"column":null}},"type":"if","locations":[{"start":{"line":405,"column":8},"end":{"line":405,"column":null}},{"start":{},"end":{}}],"line":405},"36":{"loc":{"start":{"line":405,"column":12},"end":{"line":405,"column":59}},"type":"binary-expr","locations":[{"start":{"line":405,"column":12},"end":{"line":405,"column":24}},{"start":{"line":405,"column":28},"end":{"line":405,"column":59}}],"line":405},"37":{"loc":{"start":{"line":416,"column":8},"end":{"line":416,"column":null}},"type":"if","locations":[{"start":{"line":416,"column":8},"end":{"line":416,"column":null}},{"start":{},"end":{}}],"line":416},"38":{"loc":{"start":{"line":417,"column":8},"end":{"line":417,"column":null}},"type":"if","locations":[{"start":{"line":417,"column":8},"end":{"line":417,"column":null}},{"start":{},"end":{}}],"line":417},"39":{"loc":{"start":{"line":417,"column":58},"end":{"line":417,"column":80}},"type":"binary-expr","locations":[{"start":{"line":417,"column":58},"end":{"line":417,"column":75}},{"start":{"line":417,"column":79},"end":{"line":417,"column":80}}],"line":417},"40":{"loc":{"start":{"line":418,"column":8},"end":{"line":421,"column":null}},"type":"if","locations":[{"start":{"line":418,"column":8},"end":{"line":421,"column":null}},{"start":{},"end":{}}],"line":418},"41":{"loc":{"start":{"line":422,"column":8},"end":{"line":422,"column":null}},"type":"if","locations":[{"start":{"line":422,"column":8},"end":{"line":422,"column":null}},{"start":{},"end":{}}],"line":422},"42":{"loc":{"start":{"line":423,"column":8},"end":{"line":423,"column":null}},"type":"if","locations":[{"start":{"line":423,"column":8},"end":{"line":423,"column":null}},{"start":{},"end":{}}],"line":423},"43":{"loc":{"start":{"line":424,"column":8},"end":{"line":424,"column":null}},"type":"if","locations":[{"start":{"line":424,"column":8},"end":{"line":424,"column":null}},{"start":{},"end":{}}],"line":424},"44":{"loc":{"start":{"line":425,"column":8},"end":{"line":425,"column":null}},"type":"if","locations":[{"start":{"line":425,"column":8},"end":{"line":425,"column":null}},{"start":{},"end":{}}],"line":425},"45":{"loc":{"start":{"line":430,"column":8},"end":{"line":434,"column":null}},"type":"if","locations":[{"start":{"line":430,"column":8},"end":{"line":434,"column":null}},{"start":{},"end":{}}],"line":430},"46":{"loc":{"start":{"line":437,"column":28},"end":{"line":437,"column":45}},"type":"default-arg","locations":[{"start":{"line":437,"column":36},"end":{"line":437,"column":45}}],"line":437},"47":{"loc":{"start":{"line":439,"column":8},"end":{"line":448,"column":null}},"type":"if","locations":[{"start":{"line":439,"column":8},"end":{"line":448,"column":null}},{"start":{},"end":{}}],"line":439},"48":{"loc":{"start":{"line":441,"column":12},"end":{"line":447,"column":null}},"type":"if","locations":[{"start":{"line":441,"column":12},"end":{"line":447,"column":null}},{"start":{},"end":{}}],"line":441},"49":{"loc":{"start":{"line":478,"column":0},"end":{"line":482,"column":null}},"type":"if","locations":[{"start":{"line":478,"column":0},"end":{"line":482,"column":null}},{"start":{"line":480,"column":7},"end":{"line":482,"column":null}}],"line":478},"50":{"loc":{"start":{"line":478,"column":4},"end":{"line":478,"column":51}},"type":"binary-expr","locations":[{"start":{"line":478,"column":4},"end":{"line":478,"column":33}},{"start":{"line":478,"column":37},"end":{"line":478,"column":51}}],"line":478},"51":{"loc":{"start":{"line":480,"column":7},"end":{"line":482,"column":null}},"type":"if","locations":[{"start":{"line":480,"column":7},"end":{"line":482,"column":null}},{"start":{},"end":{}}],"line":480}},"s":{"0":0,"1":0,"2":0,"3":0,"4":0,"5":0,"6":0,"7":0,"8":0,"9":0,"10":0,"11":0,"12":0,"13":0,"14":0,"15":0,"16":0,"17":0,"18":0,"19":0,"20":0,"21":0,"22":0,"23":0,"24":0,"25":0,"26":0,"27":0,"28":0,"29":0,"30":0,"31":0,"32":0,"33":0,"34":0,"35":0,"36":0,"37":0,"38":0,"39":0,"40":0,"41":0,"42":0,"43":0,"44":0,"45":0,"46":0,"47":0,"48":0,"49":0,"50":0,"51":0,"52":0,"53":0,"54":0,"55":0,"56":0,"57":0,"58":0,"59":0,"60":0,"61":0,"62":0,"63":0,"64":0,"65":0,"66":0,"67":0,"68":0,"69":0,"70":0,"71":0,"72":0,"73":0,"74":0,"75":0,"76":0,"77":0,"78":0,"79":0,"80":0,"81":0,"82":0,"83":0,"84":0,"85":0,"86":0,"87":0,"88":0,"89":0,"90":0,"91":0,"92":0,"93":0,"94":0,"95":0,"96":0,"97":0,"98":0,"99":0,"100":0,"101":0,"102":0,"103":0,"104":0,"105":0,"106":0,"107":0,"108":0,"109":0,"110":0,"111":0,"112":0,"113":0,"114":0,"115":0,"116":0,"117":0,"118":0,"119":0,"120":0,"121":0,"122":0,"123":0,"124":0,"125":0,"126":0,"127":0,"128":0,"129":0,"130":0,"131":0,"132":0,"133":0,"134":0,"135":0,"136":0,"137":0,"138":0,"139":0,"140":0,"141":0,"142":0,"143":0,"144":0,"145":0,"146":0,"147":0,"148":0,"149":0,"150":0,"151":0,"152":0,"153":0,"154":0,"155":0,"156":0,"157":0,"158":0,"159":0,"160":0,"161":0,"162":0,"163":0,"164":0,"165":0,"166":0,"167":0,"168":0,"169":0,"170":0,"171":0,"172":0,"173":0,"174":0,"175":0,"176":0,"177":0,"178":0,"179":0,"180":0,"181":0,"182":0,"183":0,"184":0,"185":0,"186":0,"187":0,"188":0,"189":0,"190":0,"191":0,"192":0,"193":0,"194":0,"195":0,"196":0,"197":0,"198":0,"199":0,"200":0,"201":0,"202":0,"203":0,"204":0,"205":0,"206":0,"207":0,"208":0,"209":0,"210":0,"211":0,"212":0,"213":0,"214":0,"215":0,"216":0,"217":0,"218":0,"219":0,"220":0,"221":0,"222":0,"223":0,"224":0,"225":0,"226":0,"227":0,"228":0,"229":0,"230":0,"231":0,"232":0,"233":0,"234":0,"235":0},"f":{"0":0,"1":0,"2":0,"3":0,"4":0,"5":0,"6":0,"7":0,"8":0,"9":0,"10":0,"11":0,"12":0,"13":0,"14":0,"15":0,"16":0,"17":0,"18":0,"19":0,"20":0,"21":0,"22":0,"23":0,"24":0,"25":0,"26":0,"27":0,"28":0,"29":0,"30":0,"31":0,"32":0,"33":0,"34":0,"35":0,"36":0,"37":0},"b":{"0":[0,0],"1":[0,0],"2":[0,0],"3":[0,0],"4":[0,0],"5":[0,0],"6":[0,0],"7":[0,0],"8":[0,0],"9":[0,0],"10":[0,0],"11":[0,0],"12":[0,0],"13":[0,0],"14":[0,0],"15":[0,0],"16":[0,0],"17":[0,0],"18":[0,0],"19":[0,0],"20":[0,0],"21":[0,0],"22":[0,0],"23":[0,0],"24":[0,0],"25":[0,0],"26":[0,0],"27":[0,0],"28":[0,0],"29":[0,0],"30":[0,0],"31":[0,0],"32":[0,0],"33":[0,0],"34":[0,0],"35":[0,0],"36":[0,0],"37":[0,0],"38":[0,0],"39":[0,0],"40":[0,0],"41":[0,0],"42":[0,0],"43":[0,0],"44":[0,0],"45":[0,0],"46":[0],"47":[0,0],"48":[0,0],"49":[0,0],"50":[0,0],"51":[0,0]},"meta":{"lastBranch":52,"lastFunction":38,"lastStatement":236,"seen":{"f:8:4:8:15":0,"s:9:8:9:Infinity":0,"s:10:8:10:Infinity":1,"s:11:8:11:Infinity":2,"s:12:8:12:Infinity":3,"s:15:8:15:Infinity":4,"s:16:8:16:Infinity":5,"s:17:8:17:Infinity":6,"s:18:8:18:Infinity":7,"s:21:8:21:Infinity":8,"s:22:8:22:Infinity":9,"s:23:8:23:Infinity":10,"s:24:8:24:Infinity":11,"s:27:8:32:Infinity":12,"s:35:8:69:Infinity":13,"f:37:22:37:23":1,"s:39:20:39:Infinity":14,"s:40:20:40:Infinity":15,"s:43:20:43:Infinity":16,"s:44:20:44:Infinity":17,"s:45:20:45:Infinity":18,"s:48:20:48:Infinity":19,"s:49:20:49:Infinity":20,"f:53:22:53:23":2,"s:55:20:55:Infinity":21,"b:55:41:55:50:55:54:55:63":0,"s:56:20:56:Infinity":22,"s:59:20:59:Infinity":23,"s:60:20:60:Infinity":24,"s:61:20:61:Infinity":25,"s:64:20:64:Infinity":26,"s:65:20:65:Infinity":27,"s:66:20:66:Infinity":28,"s:71:8:71:Infinity":29,"f:74:4:74:14":3,"s:75:8:75:Infinity":30,"s:76:8:76:Infinity":31,"f:79:4:79:23":4,"b:81:8:91:Infinity:undefined:undefined:undefined:undefined":1,"s:81:8:91:Infinity":32,"s:82:12:85:Infinity":33,"f:82:49:82:50":5,"s:83:16:83:Infinity":34,"s:84:16:84:Infinity":35,"s:87:12:90:Infinity":36,"f:87:47:87:48":6,"s:88:16:88:Infinity":37,"s:89:16:89:Infinity":38,"b:94:8:98:Infinity:undefined:undefined:undefined:undefined":2,"s:94:8:98:Infinity":39,"s:95:12:97:Infinity":40,"f:95:46:95:47":7,"s:96:16:96:Infinity":41,"f:101:4:101:13":8,"s:102:8:102:Infinity":42,"b:105:8:110:Infinity:undefined:undefined:undefined:undefined":3,"s:105:8:110:Infinity":43,"s:106:12:106:Infinity":44,"s:107:12:107:Infinity":45,"b:107:37:107:65:107:68:107:72":4,"s:108:12:108:Infinity":46,"s:109:12:109:Infinity":47,"b:109:45:109:74:109:77:109:81":5,"b:112:8:115:Infinity:undefined:undefined:undefined:undefined":6,"s:112:8:115:Infinity":48,"b:112:12:112:24:112:28:112:37":7,"s:113:12:113:Infinity":49,"s:114:12:114:Infinity":50,"s:118:8:118:Infinity":51,"s:121:8:127:Infinity":52,"s:130:8:130:Infinity":53,"s:133:8:133:Infinity":54,"s:134:8:134:Infinity":55,"b:134:61:134:78:134:81:134:91":8,"s:135:8:135:Infinity":56,"s:137:8:137:Infinity":57,"f:140:4:140:16":9,"b:141:8:141:Infinity:undefined:undefined:undefined:undefined":9,"s:141:8:141:Infinity":58,"s:141:26:141:Infinity":59,"b:143:8:146:Infinity:undefined:undefined:undefined:undefined":10,"s:143:8:146:Infinity":60,"s:144:12:144:Infinity":61,"s:145:12:145:Infinity":62,"b:149:8:152:Infinity:undefined:undefined:undefined:undefined":11,"s:149:8:152:Infinity":63,"s:150:12:150:Infinity":64,"s:151:12:151:Infinity":65,"f:155:4:155:13":10,"s:156:8:156:Infinity":66,"s:157:8:170:Infinity":67,"s:157:21:157:22":68,"s:158:12:169:Infinity":69,"f:173:4:173:12":11,"b:174:8:174:Infinity:undefined:undefined:undefined:undefined":12,"s:174:8:174:Infinity":70,"s:174:29:174:Infinity":71,"s:177:26:177:77":72,"s:178:8:178:Infinity":73,"s:181:8:181:Infinity":74,"s:184:8:184:Infinity":75,"s:187:8:187:Infinity":76,"s:190:8:190:Infinity":77,"b:193:8:195:Infinity:undefined:undefined:undefined:undefined":13,"s:193:8:195:Infinity":78,"b:193:12:193:26:193:30:193:74":14,"s:194:12:194:Infinity":79,"f:194:34:194:35":12,"s:194:44:194:63":80,"f:198:4:198:10":13,"b:199:8:199:Infinity:undefined:undefined:undefined:undefined":15,"s:199:8:199:Infinity":81,"s:199:26:199:Infinity":82,"s:202:8:202:Infinity":83,"s:205:8:205:Infinity":84,"s:208:8:208:Infinity":85,"s:211:8:211:Infinity":86,"f:214:4:214:24":14,"s:215:22:215:73":87,"b:215:40:215:41:215:44:215:45":16,"b:215:67:215:68:215:71:215:72":17,"s:216:22:216:73":88,"b:216:40:216:41:216:44:216:45":18,"b:216:67:216:68:216:71:216:72":19,"b:218:8:230:Infinity:undefined:undefined:undefined:undefined":20,"s:218:8:230:Infinity":89,"b:218:12:218:23:218:27:218:38":21,"s:220:30:220:70":90,"s:221:32:221:83":91,"s:222:32:222:83":92,"s:224:25:224:52":93,"s:225:25:225:52":94,"s:228:12:228:Infinity":95,"s:229:12:229:Infinity":96,"f:233:4:233:22":15,"b:234:8:244:Infinity:undefined:undefined:undefined:undefined":22,"s:234:8:244:Infinity":97,"s:235:12:235:35":98,"s:238:12:243:Infinity":99,"f:238:30:238:33":16,"s:239:29:239:111":100,"b:240:16:242:Infinity:undefined:undefined:undefined:undefined":23,"s:240:16:242:Infinity":101,"s:241:20:241:Infinity":102,"f:247:4:247:13":17,"s:248:8:248:Infinity":103,"s:249:8:249:Infinity":104,"b:251:8:255:Infinity:undefined:undefined:undefined:undefined":24,"s:251:8:255:Infinity":105,"s:253:12:253:Infinity":106,"s:254:12:254:Infinity":107,"f:258:4:258:14":18,"s:259:8:259:Infinity":108,"s:260:8:260:Infinity":109,"s:261:8:261:Infinity":110,"f:264:4:264:14":19,"s:265:8:287:Infinity":111,"f:265:26:265:29":20,"b:267:12:269:Infinity:undefined:undefined:undefined:undefined":25,"s:267:12:269:Infinity":112,"s:268:16:268:Infinity":113,"s:272:29:272:76":114,"s:273:29:273:76":115,"s:275:12:275:Infinity":116,"s:276:12:276:Infinity":117,"b:279:12:282:Infinity:undefined:undefined:undefined:undefined":26,"s:279:12:282:Infinity":118,"b:279:16:279:34:279:38:279:76":27,"s:280:16:280:Infinity":119,"s:281:16:281:Infinity":120,"b:283:12:286:Infinity:undefined:undefined:undefined:undefined":28,"s:283:12:286:Infinity":121,"b:283:16:283:34:283:38:283:77":29,"s:284:16:284:Infinity":122,"s:285:16:285:Infinity":123,"f:290:4:290:19":21,"s:291:8:297:Infinity":124,"f:291:26:291:29":22,"s:292:25:292:107":125,"b:293:12:296:Infinity:undefined:undefined:undefined:undefined":30,"s:293:12:296:Infinity":126,"f:300:4:300:10":23,"b:301:8:301:Infinity:undefined:undefined:undefined:undefined":31,"s:301:8:301:Infinity":127,"b:301:12:301:21:301:25:301:37":32,"s:301:39:301:Infinity":128,"s:304:8:304:Infinity":129,"s:305:8:305:Infinity":130,"s:308:8:308:Infinity":131,"s:311:8:314:Infinity":132,"f:311:26:311:29":24,"s:312:12:312:Infinity":133,"s:313:12:313:Infinity":134,"s:317:8:317:Infinity":135,"s:318:8:318:Infinity":136,"s:321:8:321:Infinity":137,"f:324:4:324:12":25,"s:325:8:325:Infinity":138,"s:326:8:326:Infinity":139,"s:328:8:333:Infinity":140,"s:328:21:328:22":141,"s:329:12:329:Infinity":142,"s:330:12:330:Infinity":143,"s:331:12:331:Infinity":144,"s:332:12:332:Infinity":145,"s:335:8:340:Infinity":146,"s:335:21:335:22":147,"s:336:12:336:Infinity":148,"s:337:12:337:Infinity":149,"s:338:12:338:Infinity":150,"s:339:12:339:Infinity":151,"f:343:4:343:14":26,"s:345:26:345:44":152,"s:346:8:346:Infinity":153,"s:347:8:347:Infinity":154,"s:348:8:348:Infinity":155,"s:349:8:349:Infinity":156,"s:352:8:352:Infinity":157,"s:353:8:353:Infinity":158,"s:354:8:354:Infinity":159,"s:355:8:355:Infinity":160,"f:358:4:358:17":27,"s:360:8:360:Infinity":161,"s:361:8:361:Infinity":162,"s:362:8:362:Infinity":163,"s:363:8:363:Infinity":164,"f:366:4:366:15":28,"b:367:8:367:Infinity:undefined:undefined:undefined:undefined":33,"s:367:8:367:Infinity":165,"b:367:12:367:28:367:32:367:45":34,"s:367:47:367:Infinity":166,"s:369:22:369:75":167,"s:372:8:372:Infinity":168,"s:373:8:373:Infinity":169,"s:376:8:376:Infinity":170,"s:377:8:377:Infinity":171,"s:379:8:384:Infinity":172,"s:379:21:379:22":173,"s:380:12:380:Infinity":174,"s:381:12:381:Infinity":175,"s:382:12:382:Infinity":176,"s:383:12:383:Infinity":177,"s:386:8:391:Infinity":178,"s:386:21:386:22":179,"s:387:12:387:Infinity":180,"s:388:12:388:Infinity":181,"s:389:12:389:Infinity":182,"s:390:12:390:Infinity":183,"s:394:8:394:Infinity":184,"s:395:8:397:Infinity":185,"f:395:26:395:29":29,"s:396:12:396:Infinity":186,"s:400:8:400:Infinity":187,"s:401:8:401:Infinity":188,"f:404:4:404:13":30,"b:405:8:405:Infinity:undefined:undefined:undefined:undefined":35,"s:405:8:405:Infinity":189,"b:405:12:405:24:405:28:405:59":36,"s:405:61:405:Infinity":190,"s:408:27:408:64":191,"s:409:28:409:66":192,"s:410:27:410:64":193,"s:411:23:411:56":194,"s:412:29:412:68":195,"s:413:25:413:60":196,"s:414:24:414:58":197,"b:416:8:416:Infinity:undefined:undefined:undefined:undefined":37,"s:416:8:416:Infinity":198,"s:416:24:416:Infinity":199,"b:417:8:417:Infinity:undefined:undefined:undefined:undefined":38,"s:417:8:417:Infinity":200,"s:417:25:417:Infinity":201,"b:417:58:417:75:417:79:417:80":39,"b:418:8:421:Infinity:undefined:undefined:undefined:undefined":40,"s:418:8:421:Infinity":202,"s:419:30:419:64":203,"s:420:12:420:Infinity":204,"b:422:8:422:Infinity:undefined:undefined:undefined:undefined":41,"s:422:8:422:Infinity":205,"s:422:20:422:Infinity":206,"b:423:8:423:Infinity:undefined:undefined:undefined:undefined":42,"s:423:8:423:Infinity":207,"s:423:26:423:Infinity":208,"b:424:8:424:Infinity:undefined:undefined:undefined:undefined":43,"s:424:8:424:Infinity":209,"s:424:22:424:Infinity":210,"b:425:8:425:Infinity:undefined:undefined:undefined:undefined":44,"s:425:8:425:Infinity":211,"s:425:21:425:Infinity":212,"f:428:4:428:13":31,"s:429:8:429:Infinity":213,"b:430:8:434:Infinity:undefined:undefined:undefined:undefined":45,"s:430:8:434:Infinity":214,"s:431:12:431:Infinity":215,"s:432:12:432:Infinity":216,"s:433:12:433:Infinity":217,"f:437:4:437:18":32,"b:437:36:437:45":46,"b:439:8:448:Infinity:undefined:undefined:undefined:undefined":47,"s:439:8:448:Infinity":218,"s:440:28:440:67":219,"b:441:12:447:Infinity:undefined:undefined:undefined:undefined":48,"s:441:12:447:Infinity":220,"s:442:35:442:64":221,"s:443:16:443:Infinity":222,"s:444:16:444:Infinity":223,"s:445:16:445:Infinity":224,"s:446:16:446:Infinity":225,"f:451:4:451:12":33,"s:452:8:452:Infinity":226,"s:453:8:453:Infinity":227,"f:457:4:457:21":34,"s:458:8:461:Infinity":228,"f:464:4:464:15":35,"s:465:8:465:Infinity":229,"f:468:4:468:10":36,"s:469:8:469:Infinity":230,"f:472:4:472:17":37,"s:473:8:473:Infinity":231,"b:478:0:482:Infinity:480:7:482:Infinity":49,"s:478:0:482:Infinity":232,"b:478:4:478:33:478:37:478:51":50,"s:479:4:479:Infinity":233,"b:480:7:482:Infinity:undefined:undefined:undefined:undefined":51,"s:480:7:482:Infinity":234,"s:481:4:481:Infinity":235}}}}}